#
# A fatal error has been detected by the Java Runtime Environment:
#
#  SIGSEGV (0xb) at pc=0x000000010b1d0a54, pid=71517, tid=259
#
# JRE version: OpenJDK Runtime Environment Temurin-11.0.12+7 (11.0.12+7) (build 11.0.12+7)
# Java VM: OpenJDK 64-Bit Server VM Temurin-11.0.12+7 (11.0.12+7, mixed mode, tiered, compressed oops, g1 gc, bsd-amd64)
# Problematic frame:
# V  [libjvm.dylib+0x1d0a54]  _ZN14AccessInternal19PostRuntimeDispatchIN12G1BarrierSet13AccessBarrierILy1097844ES1_EELNS_11BarrierTypeE2ELy1097844EE18oop_access_barrierEPv+0x4
#
# No core dump will be written. Core dumps have been disabled. To enable core dumping, try "ulimit -c unlimited" before starting Java again
#
# If you would like to submit a bug report, please visit:
#   https://github.com/adoptium/adoptium-support/issues
#

---------------  S U M M A R Y ------------

Command Line: Proj

Host: MacBookAir7,2 x86_64 1600 MHz, 4 cores, 8G, Darwin 20.6.0
Time: Thu Dec  9 20:33:45 2021 IST elapsed time: 11.123623 seconds (0d 0h 0m 11s)

---------------  T H R E A D  ---------------

Current thread (0x00007ff39c863000):  JavaThread "AppKit Thread" daemon [_thread_in_vm, id=259, stack(0x00007ffee64ef000,0x00007ffee6cef000)]

Stack: [0x00007ffee64ef000,0x00007ffee6cef000],  sp=0x00007ffee6cebb20,  free space=8178k
Native frames: (J=compiled Java code, A=aot compiled Java code, j=interpreted, Vv=VM code, C=native code)
V  [libjvm.dylib+0x1d0a54]  _ZN14AccessInternal19PostRuntimeDispatchIN12G1BarrierSet13AccessBarrierILy1097844ES1_EELNS_11BarrierTypeE2ELy1097844EE18oop_access_barrierEPv+0x4
V  [libjvm.dylib+0x3f5f92]  _ZL13get_method_idP7JNIEnv_P7_jclassPKcS4_bP6Thread+0x8e
V  [libjvm.dylib+0x3f5e8c]  jni_GetMethodID+0xe7
C  [libawt_lwawt.dylib+0xb5e2]  -[AWTView attributedSubstringForProposedRange:actualRange:]+0x60
C  [Lookup+0xdc3c]  +[LUTextInputClientTextAccessor canAccessTextInView:]+0x6f
C  [Lookup+0xdbb2]  +[LUTextInputClientTextAccessor canAccessTextAtLocation:]+0x39
C  [Lookup+0x8ae0]  +[LUTextAccessor textAccessorForScreenLocation:]+0x214
C  [Lookup+0x14cc3]  -[LUExtractor focusTermAndLocation:options:]+0x199
C  [Lookup+0x130bf]  +[LULookupDefinitionModule _focusTermUsingQueue:handler:]+0xb0
C  [Lookup+0x303f]  -[LULookupDefinitionModule showDefinitionByHotKey]+0x16b
C  [AppKit+0x1c913f]  -[NSWindow(NSEventRouting) _reallySendEvent:isDelayedEvent:]+0x519
C  [AppKit+0x1c8a06]  -[NSWindow(NSEventRouting) sendEvent:]+0x15b
C  [libawt_lwawt.dylib+0xd6e4]  -[AWTWindow_Normal sendEvent:]+0x56
C  [AppKit+0x4a1d75]  -[NSApplication _handleHotKeyRelease:]+0x216
C  [AppKit+0x1c7ae4]  -[NSApplication(NSEvent) sendEvent:]+0xe30
C  [libosxapp.dylib+0x28ab]  -[NSApplicationAWT sendEvent:]+0x1c1
C  [AppKit+0x49fbe1]  -[NSApplication _handleEvent:]+0x41
C  [AppKit+0x2fc8e]  -[NSApplication run]+0x26f
C  [libosxapp.dylib+0x2519]  +[NSApplicationAWT runAWTLoopWithApp:]+0x10d
C  [libawt_lwawt.dylib+0x5e967]  +[AWTStarter starter:headless:]+0x1ff
C  [libosxapp.dylib+0x4059]  +[ThreadUtilities invokeBlockCopy:]+0xf
C  [Foundation+0x80b81]  __NSThreadPerformPerform+0xcc
C  [CoreFoundation+0x802bc]  __CFRUNLOOP_IS_CALLING_OUT_TO_A_SOURCE0_PERFORM_FUNCTION__+0x11
C  [CoreFoundation+0x80224]  __CFRunLoopDoSource0+0xb4
C  [CoreFoundation+0x7ffa4]  __CFRunLoopDoSources0+0xf2
C  [CoreFoundation+0x7e9cc]  __CFRunLoopRun+0x37d
C  [CoreFoundation+0x7df8c]  CFRunLoopRunSpecific+0x233
C  [libjli.dylib+0x664e]  CreateExecutionEnvironment+0x18e
C  [libjli.dylib+0x285e]  JLI_Launch+0x52a
C  [java+0x1807]  main+0x177
C  [libdyld.dylib+0x15f3d]  start+0x1


siginfo: si_signo: 11 (SIGSEGV), si_code: 1 (SEGV_MAPERR), si_addr: 0x0000000000000000

Register to memory mapping:

RAX=0x00007ff39e897348 points into unknown readable memory: 0x4928a66fffff0016 | 16 00 ff ff 6f a6 28 49
RBX=0x00007ff39c863000 is a thread
RCX=0x0000000000000016 is an unknown value
RDX=0x000000010cdc7f9b: contextTexturePath.alpha+0x6e1b in /Library/Java/JavaVirtualMachines/temurin-11.jdk/Contents/Home/lib/libawt_lwawt.dylib at 0x000000010cd49000
RSP=0x00007ffee6cebb20 is pointing into the stack for thread: 0x00007ff39c863000
RBP=0x00007ffee6cebb20 is pointing into the stack for thread: 0x00007ff39c863000
RSI=0x0000000000000001 is an unknown value
RDI=0x0 is NULL
R8 =0x00000000ec2edeab is an unknown value
R9 =0x00007ff39c0aeaa0 points into unknown readable memory: 0x00000000ec2edeab | ab de 2e ec 00 00 00 00
R10=0x000000010ce23ed2: OBJC_METACLASS_$_ThreadUtilities+0x2 in /Library/Java/JavaVirtualMachines/temurin-11.jdk/Contents/Home/lib/libosxapp.dylib at 0x000000010ce1c000
R11=0x000000010ce1fee0: +[ThreadUtilities getJNIEnv]+0 in /Library/Java/JavaVirtualMachines/temurin-11.jdk/Contents/Home/lib/libosxapp.dylib at 0x000000010ce1c000
R12=0x00007ff39e897348 points into unknown readable memory: 0x4928a66fffff0016 | 16 00 ff ff 6f a6 28 49
R13=0x0 is NULL
R14=0x00007ff39d2496f0 points into unknown readable memory: 0x74610804ffff001c | 1c 00 ff ff 04 08 61 74
R15=0x000000010cdc7f7e: contextTexturePath.alpha+0x6dfe in /Library/Java/JavaVirtualMachines/temurin-11.jdk/Contents/Home/lib/libawt_lwawt.dylib at 0x000000010cd49000


Registers:
RAX=0x00007ff39e897348, RBX=0x00007ff39c863000, RCX=0x0000000000000016, RDX=0x000000010cdc7f9b
RSP=0x00007ffee6cebb20, RBP=0x00007ffee6cebb20, RSI=0x0000000000000001, RDI=0x0000000000000000
R8 =0x00000000ec2edeab, R9 =0x00007ff39c0aeaa0, R10=0x000000010ce23ed2, R11=0x000000010ce1fee0
R12=0x00007ff39e897348, R13=0x0000000000000000, R14=0x00007ff39d2496f0, R15=0x000000010cdc7f7e
RIP=0x000000010b1d0a54, EFLAGS=0x0000000000010246, ERR=0x0000000000000004
  TRAPNO=0x000000000000000e

Top of Stack: (sp=0x00007ffee6cebb20)
0x00007ffee6cebb20:   00007ffee6cebb70 000000010b3f5f92
0x00007ffee6cebb30:   ec2edeab00000000 000000005fbf4bca
0x00007ffee6cebb40:   00007ff39c863000 00007ff39c863000
0x00007ffee6cebb50:   0000000000000000 00007ff39c863348
0x00007ffee6cebb60:   000000010cdc7f9b 000000010cdc7f7e
0x00007ffee6cebb70:   00007ffee6cebbd0 000000010b3f5e8c
0x00007ffee6cebb80:   00007ff39c863000 0000000000000000
0x00007ffee6cebb90:   0000000000000000 0000000000000000
0x00007ffee6cebba0:   00007ff39c863000 00007fff201f7800
0x00007ffee6cebbb0:   00007ff39be92650 00007ff39c863348
0x00007ffee6cebbc0:   0000000000000001 0000000000000000
0x00007ffee6cebbd0:   00007ffee6cebc10 000000010cd545e2
0x00007ffee6cebbe0:   0000000000000001 00007fff201f7800
0x00007ffee6cebbf0:   00007ff39be8cff0 00007ff39be92650
0x00007ffee6cebc00:   00007fff7bb019c0 00007ff39be92650
0x00007ffee6cebc10:   00007ffee6cebc50 00007fff40ce2c3c
0x00007ffee6cebc20:   0000000000000000 0000000000000001
0x00007ffee6cebc30:   8000000000000000 00007ff39be92650
0x00007ffee6cebc40:   00007fff80315db0 00007fff201f7800
0x00007ffee6cebc50:   00007ffee6cebc80 00007fff40ce2bb2
0x00007ffee6cebc60:   0000000000000001 00007fff7ba53b61
0x00007ffee6cebc70:   00007fff201f9490 0000000000000000
0x00007ffee6cebc80:   00007ffee6cebcd0 00007fff40cddae0
0x00007ffee6cebc90:   00007fff80315c70 4081cf71c0000000
0x00007ffee6cebca0:   4086c99960000000 00007ff39bc823f0
0x00007ffee6cebcb0:   00007fff201f7690 00007fff7c6d9418
0x00007ffee6cebcc0:   0000000000000000 00007fff201f7800
0x00007ffee6cebcd0:   00007ffee6cebdb0 00007fff40ce9cc3
0x00007ffee6cebce0:   00007ffee6cebdb0 00007fff7c6d98f4
0x00007ffee6cebcf0:   00007fff80315e50 000000000000db7b
0x00007ffee6cebd00:   0000000000001c1b 00007ffee6cebe18
0x00007ffee6cebd10:   00007ffee6cebe38 00007ffee6cebe18 

Instructions: (pc=0x000000010b1d0a54)
0x000000010b1d0954:   ff 17 48 8b 18 48 8b 03 48 89 df ff 50 28 84 c0
0x000000010b1d0964:   74 14 48 83 c3 28 48 89 df eb 4a 45 31 f6 4c 89
0x000000010b1d0974:   f0 5b 41 5e 5d c3 48 8d 05 d7 c5 80 00 48 8b 18
0x000000010b1d0984:   48 85 db 74 25 48 89 df e8 b1 20 43 00 48 8d 3d
0x000000010b1d0994:   e0 de 80 00 48 83 c7 68 4c 89 f6 e8 56 f9 4a 00
0x000000010b1d09a4:   48 89 df e8 30 21 43 00 eb c4 48 8d 3d c3 de 80
0x000000010b1d09b4:   00 48 83 c7 68 4c 89 f6 e8 39 f9 4a 00 eb af 90
0x000000010b1d09c4:   55 48 89 e5 53 50 48 89 fb 48 8d 05 c4 b1 7f 00
0x000000010b1d09d4:   80 38 00 74 07 e8 1a 00 00 00 eb 05 e8 3b 5d 00
0x000000010b1d09e4:   00 48 89 05 b4 7e 7b 00 48 89 df 48 83 c4 08 5b
0x000000010b1d09f4:   5d ff e0 90 48 8d 05 31 44 7f 00 48 8b 00 8b 40
0x000000010b1d0a04:   10 ff c8 83 f8 04 73 0e 48 98 48 8d 0d ab 9b 77
0x000000010b1d0a14:   00 48 8b 04 c1 c3 55 48 89 e5 48 8d 3d e2 27 62
0x000000010b1d0a24:   00 48 8d 15 06 28 62 00 be ef 00 00 00 31 c0 e8
0x000000010b1d0a34:   a5 9a 0a 00 e8 a3 94 45 00 31 c0 5d c3 90 90 90
0x000000010b1d0a44:   55 48 89 e5 48 8b 07 5d c3 90 90 90 55 48 89 e5
0x000000010b1d0a54:   48 8b 07 5d c3 90 90 90 55 48 89 e5 48 8b 07 5d
0x000000010b1d0a64:   c3 90 90 90 55 48 89 e5 48 8b 37 48 85 f6 74 10
0x000000010b1d0a74:   48 8d 05 b5 43 7f 00 48 8b 38 5d e9 be 9c 4e 00
0x000000010b1d0a84:   31 c0 5d c3 55 48 89 e5 41 56 53 49 89 f6 48 89
0x000000010b1d0a94:   fb 48 8d 05 fc b0 7f 00 80 38 00 74 07 e8 1a 00
0x000000010b1d0aa4:   00 00 eb 05 e8 ab ab ff ff 48 89 05 ec ac 7b 00
0x000000010b1d0ab4:   48 89 df 4c 89 f6 5b 41 5e 5d ff e0 48 8d 05 69
0x000000010b1d0ac4:   43 7f 00 48 8b 00 8b 40 10 ff c8 83 f8 04 73 0e
0x000000010b1d0ad4:   48 98 48 8d 0d 23 9b 77 00 48 8b 04 c1 c3 55 48
0x000000010b1d0ae4:   89 e5 48 8d 3d 1a 27 62 00 48 8d 15 3e 27 62 00
0x000000010b1d0af4:   be ef 00 00 00 31 c0 e8 dd 99 0a 00 e8 db 93 45
0x000000010b1d0b04:   00 31 c0 5d c3 90 90 90 55 48 89 e5 8b 04 37 48
0x000000010b1d0b14:   85 c0 74 12 48 8d 15 e1 76 7d 00 8a 4a 08 48 d3
0x000000010b1d0b24:   e0 48 03 02 eb 02 31 c0 5d c3 90 90 55 48 89 e5
0x000000010b1d0b34:   8b 04 37 48 85 c0 74 12 48 8d 15 bd 76 7d 00 8a
0x000000010b1d0b44:   4a 08 48 d3 e0 48 03 02 eb 02 31 c0 5d c3 90 90 


Stack slot to memory mapping:
stack at sp + 0 slots: 0x00007ffee6cebb70 is pointing into the stack for thread: 0x00007ff39c863000
stack at sp + 1 slots: 0x000000010b3f5f92: _ZL13get_method_idP7JNIEnv_P7_jclassPKcS4_bP6Thread+0x8e in /Library/Java/JavaVirtualMachines/temurin-11.jdk/Contents/Home/lib/server/libjvm.dylib at 0x000000010b000000
stack at sp + 2 slots: 0xec2edeab00000000 is an unknown value
stack at sp + 3 slots: 0x000000005fbf4bca is an unknown value
stack at sp + 4 slots: 0x00007ff39c863000 is a thread
stack at sp + 5 slots: 0x00007ff39c863000 is a thread
stack at sp + 6 slots: 0x0 is NULL
stack at sp + 7 slots: 0x00007ff39c863348 points into unknown readable memory: 0x000000010b98bd58 | 58 bd 98 0b 01 00 00 00


---------------  P R O C E S S  ---------------

Threads class SMR info:
_java_thread_list=0x00007ff39bc10b70, length=14, elements={
0x00007ff39c0e9000, 0x00007ff39c80f800, 0x00007ff39c0f3000, 0x00007ff39d016800,
0x00007ff39d01b800, 0x00007ff39d01c800, 0x00007ff39d01d800, 0x00007ff39c0ef800,
0x00007ff39c863000, 0x00007ff39c19a800, 0x00007ff39c1d5000, 0x00007ff39c1dd000,
0x00007ff39ca0c000, 0x00007ff39c01a800
}

Java Threads: ( => current thread )
  0x00007ff39c0e9000 JavaThread "Reference Handler" daemon [_thread_blocked, id=13059, stack(0x000070000478b000,0x000070000488b000)]
  0x00007ff39c80f800 JavaThread "Finalizer" daemon [_thread_blocked, id=13827, stack(0x000070000488e000,0x000070000498e000)]
  0x00007ff39c0f3000 JavaThread "Signal Dispatcher" daemon [_thread_blocked, id=16387, stack(0x0000700004a97000,0x0000700004b97000)]
  0x00007ff39d016800 JavaThread "Service Thread" daemon [_thread_blocked, id=22019, stack(0x0000700004b9a000,0x0000700004c9a000)]
  0x00007ff39d01b800 JavaThread "C2 CompilerThread0" daemon [_thread_blocked, id=43011, stack(0x0000700004c9d000,0x0000700004d9d000)]
  0x00007ff39d01c800 JavaThread "C1 CompilerThread0" daemon [_thread_blocked, id=42243, stack(0x0000700004da0000,0x0000700004ea0000)]
  0x00007ff39d01d800 JavaThread "Sweeper thread" daemon [_thread_blocked, id=41987, stack(0x0000700004ea3000,0x0000700004fa3000)]
  0x00007ff39c0ef800 JavaThread "Common-Cleaner" daemon [_thread_blocked, id=41219, stack(0x00007000050a9000,0x00007000051a9000)]
=>0x00007ff39c863000 JavaThread "AppKit Thread" daemon [_thread_in_vm, id=259, stack(0x00007ffee64ef000,0x00007ffee6cef000)]
  0x00007ff39c19a800 JavaThread "AWT-Shutdown" [_thread_blocked, id=33795, stack(0x000070000522f000,0x000070000532f000)]
  0x00007ff39c1d5000 JavaThread "Java2D Queue Flusher" daemon [_thread_blocked, id=49411, stack(0x00007000054bb000,0x00007000055bb000)]
  0x00007ff39c1dd000 JavaThread "Java2D Disposer" daemon [_thread_blocked, id=75011, stack(0x00007000055be000,0x00007000056be000)]
  0x00007ff39ca0c000 JavaThread "AWT-EventQueue-0" [_thread_blocked, id=56331, stack(0x00007000056c1000,0x00007000057c1000)]
  0x00007ff39c01a800 JavaThread "DestroyJavaVM" [_thread_blocked, id=6147, stack(0x0000700004076000,0x0000700004176000)]

Other Threads:
  0x00007ff39c0e1800 VMThread "VM Thread" [stack: 0x0000700004688000,0x0000700004788000] [id=18179]
  0x00007ff39c09b000 WatcherThread [stack: 0x0000700004fa6000,0x00007000050a6000] [id=23043]
  0x00007ff39c80a000 GCTaskThread "GC Thread#0" [stack: 0x0000700004179000,0x0000700004279000] [id=11267]
  0x00007ff39c040000 ConcurrentGCThread "G1 Main Marker" [stack: 0x000070000427c000,0x000070000437c000] [id=11779]
  0x00007ff39c041000 ConcurrentGCThread "G1 Conc#0" [stack: 0x000070000437f000,0x000070000447f000] [id=12035]
  0x00007ff39c091800 ConcurrentGCThread "G1 Refine#0" [stack: 0x0000700004482000,0x0000700004582000] [id=19459]
  0x00007ff39c092800 ConcurrentGCThread "G1 Young RemSet Sampling" [stack: 0x0000700004585000,0x0000700004685000] [id=19203]

Threads with active compile tasks:

VM state:not at safepoint (normal execution)

VM Mutex/Monitor currently owned by a thread: None

Heap address: 0x0000000780000000, size: 2048 MB, Compressed Oops mode: Zero based, Oop shift amount: 3
Narrow klass base: 0x0000000800000000, Narrow klass shift: 0
Compressed class space size: 1073741824 Address: 0x0000000800000000

Heap:
 garbage-first heap   total 131072K, used 7168K [0x0000000780000000, 0x0000000800000000)
  region size 1024K, 8 young (8192K), 0 survivors (0K)
 Metaspace       used 13374K, capacity 13746K, committed 13952K, reserved 1060864K
  class space    used 1466K, capacity 1658K, committed 1664K, reserved 1048576K
Heap Regions: E=young(eden), S=young(survivor), O=old, HS=humongous(starts), HC=humongous(continues), CS=collection set, F=free, A=archive, TAMS=top-at-mark-start (previous, next)
|   0|0x0000000780000000, 0x0000000780000000, 0x0000000780100000|  0%| F|  |TAMS 0x0000000780000000, 0x0000000780000000| Untracked 
|   1|0x0000000780100000, 0x0000000780100000, 0x0000000780200000|  0%| F|  |TAMS 0x0000000780100000, 0x0000000780100000| Untracked 
|   2|0x0000000780200000, 0x0000000780200000, 0x0000000780300000|  0%| F|  |TAMS 0x0000000780200000, 0x0000000780200000| Untracked 
|   3|0x0000000780300000, 0x0000000780300000, 0x0000000780400000|  0%| F|  |TAMS 0x0000000780300000, 0x0000000780300000| Untracked 
|   4|0x0000000780400000, 0x0000000780400000, 0x0000000780500000|  0%| F|  |TAMS 0x0000000780400000, 0x0000000780400000| Untracked 
|   5|0x0000000780500000, 0x0000000780500000, 0x0000000780600000|  0%| F|  |TAMS 0x0000000780500000, 0x0000000780500000| Untracked 
|   6|0x0000000780600000, 0x0000000780600000, 0x0000000780700000|  0%| F|  |TAMS 0x0000000780600000, 0x0000000780600000| Untracked 
|   7|0x0000000780700000, 0x0000000780700000, 0x0000000780800000|  0%| F|  |TAMS 0x0000000780700000, 0x0000000780700000| Untracked 
|   8|0x0000000780800000, 0x0000000780800000, 0x0000000780900000|  0%| F|  |TAMS 0x0000000780800000, 0x0000000780800000| Untracked 
|   9|0x0000000780900000, 0x0000000780900000, 0x0000000780a00000|  0%| F|  |TAMS 0x0000000780900000, 0x0000000780900000| Untracked 
|  10|0x0000000780a00000, 0x0000000780a00000, 0x0000000780b00000|  0%| F|  |TAMS 0x0000000780a00000, 0x0000000780a00000| Untracked 
|  11|0x0000000780b00000, 0x0000000780b00000, 0x0000000780c00000|  0%| F|  |TAMS 0x0000000780b00000, 0x0000000780b00000| Untracked 
|  12|0x0000000780c00000, 0x0000000780c00000, 0x0000000780d00000|  0%| F|  |TAMS 0x0000000780c00000, 0x0000000780c00000| Untracked 
|  13|0x0000000780d00000, 0x0000000780d00000, 0x0000000780e00000|  0%| F|  |TAMS 0x0000000780d00000, 0x0000000780d00000| Untracked 
|  14|0x0000000780e00000, 0x0000000780e00000, 0x0000000780f00000|  0%| F|  |TAMS 0x0000000780e00000, 0x0000000780e00000| Untracked 
|  15|0x0000000780f00000, 0x0000000780f00000, 0x0000000781000000|  0%| F|  |TAMS 0x0000000780f00000, 0x0000000780f00000| Untracked 
|  16|0x0000000781000000, 0x0000000781000000, 0x0000000781100000|  0%| F|  |TAMS 0x0000000781000000, 0x0000000781000000| Untracked 
|  17|0x0000000781100000, 0x0000000781100000, 0x0000000781200000|  0%| F|  |TAMS 0x0000000781100000, 0x0000000781100000| Untracked 
|  18|0x0000000781200000, 0x0000000781200000, 0x0000000781300000|  0%| F|  |TAMS 0x0000000781200000, 0x0000000781200000| Untracked 
|  19|0x0000000781300000, 0x0000000781300000, 0x0000000781400000|  0%| F|  |TAMS 0x0000000781300000, 0x0000000781300000| Untracked 
|  20|0x0000000781400000, 0x0000000781400000, 0x0000000781500000|  0%| F|  |TAMS 0x0000000781400000, 0x0000000781400000| Untracked 
|  21|0x0000000781500000, 0x0000000781500000, 0x0000000781600000|  0%| F|  |TAMS 0x0000000781500000, 0x0000000781500000| Untracked 
|  22|0x0000000781600000, 0x0000000781600000, 0x0000000781700000|  0%| F|  |TAMS 0x0000000781600000, 0x0000000781600000| Untracked 
|  23|0x0000000781700000, 0x0000000781700000, 0x0000000781800000|  0%| F|  |TAMS 0x0000000781700000, 0x0000000781700000| Untracked 
|  24|0x0000000781800000, 0x0000000781800000, 0x0000000781900000|  0%| F|  |TAMS 0x0000000781800000, 0x0000000781800000| Untracked 
|  25|0x0000000781900000, 0x0000000781900000, 0x0000000781a00000|  0%| F|  |TAMS 0x0000000781900000, 0x0000000781900000| Untracked 
|  26|0x0000000781a00000, 0x0000000781a00000, 0x0000000781b00000|  0%| F|  |TAMS 0x0000000781a00000, 0x0000000781a00000| Untracked 
|  27|0x0000000781b00000, 0x0000000781b00000, 0x0000000781c00000|  0%| F|  |TAMS 0x0000000781b00000, 0x0000000781b00000| Untracked 
|  28|0x0000000781c00000, 0x0000000781c00000, 0x0000000781d00000|  0%| F|  |TAMS 0x0000000781c00000, 0x0000000781c00000| Untracked 
|  29|0x0000000781d00000, 0x0000000781d00000, 0x0000000781e00000|  0%| F|  |TAMS 0x0000000781d00000, 0x0000000781d00000| Untracked 
|  30|0x0000000781e00000, 0x0000000781e00000, 0x0000000781f00000|  0%| F|  |TAMS 0x0000000781e00000, 0x0000000781e00000| Untracked 
|  31|0x0000000781f00000, 0x0000000781f00000, 0x0000000782000000|  0%| F|  |TAMS 0x0000000781f00000, 0x0000000781f00000| Untracked 
|  32|0x0000000782000000, 0x0000000782000000, 0x0000000782100000|  0%| F|  |TAMS 0x0000000782000000, 0x0000000782000000| Untracked 
|  33|0x0000000782100000, 0x0000000782100000, 0x0000000782200000|  0%| F|  |TAMS 0x0000000782100000, 0x0000000782100000| Untracked 
|  34|0x0000000782200000, 0x0000000782200000, 0x0000000782300000|  0%| F|  |TAMS 0x0000000782200000, 0x0000000782200000| Untracked 
|  35|0x0000000782300000, 0x0000000782300000, 0x0000000782400000|  0%| F|  |TAMS 0x0000000782300000, 0x0000000782300000| Untracked 
|  36|0x0000000782400000, 0x0000000782400000, 0x0000000782500000|  0%| F|  |TAMS 0x0000000782400000, 0x0000000782400000| Untracked 
|  37|0x0000000782500000, 0x0000000782500000, 0x0000000782600000|  0%| F|  |TAMS 0x0000000782500000, 0x0000000782500000| Untracked 
|  38|0x0000000782600000, 0x0000000782600000, 0x0000000782700000|  0%| F|  |TAMS 0x0000000782600000, 0x0000000782600000| Untracked 
|  39|0x0000000782700000, 0x0000000782700000, 0x0000000782800000|  0%| F|  |TAMS 0x0000000782700000, 0x0000000782700000| Untracked 
|  40|0x0000000782800000, 0x0000000782800000, 0x0000000782900000|  0%| F|  |TAMS 0x0000000782800000, 0x0000000782800000| Untracked 
|  41|0x0000000782900000, 0x0000000782900000, 0x0000000782a00000|  0%| F|  |TAMS 0x0000000782900000, 0x0000000782900000| Untracked 
|  42|0x0000000782a00000, 0x0000000782a00000, 0x0000000782b00000|  0%| F|  |TAMS 0x0000000782a00000, 0x0000000782a00000| Untracked 
|  43|0x0000000782b00000, 0x0000000782b00000, 0x0000000782c00000|  0%| F|  |TAMS 0x0000000782b00000, 0x0000000782b00000| Untracked 
|  44|0x0000000782c00000, 0x0000000782c00000, 0x0000000782d00000|  0%| F|  |TAMS 0x0000000782c00000, 0x0000000782c00000| Untracked 
|  45|0x0000000782d00000, 0x0000000782d00000, 0x0000000782e00000|  0%| F|  |TAMS 0x0000000782d00000, 0x0000000782d00000| Untracked 
|  46|0x0000000782e00000, 0x0000000782e00000, 0x0000000782f00000|  0%| F|  |TAMS 0x0000000782e00000, 0x0000000782e00000| Untracked 
|  47|0x0000000782f00000, 0x0000000782f00000, 0x0000000783000000|  0%| F|  |TAMS 0x0000000782f00000, 0x0000000782f00000| Untracked 
|  48|0x0000000783000000, 0x0000000783000000, 0x0000000783100000|  0%| F|  |TAMS 0x0000000783000000, 0x0000000783000000| Untracked 
|  49|0x0000000783100000, 0x0000000783100000, 0x0000000783200000|  0%| F|  |TAMS 0x0000000783100000, 0x0000000783100000| Untracked 
|  50|0x0000000783200000, 0x0000000783200000, 0x0000000783300000|  0%| F|  |TAMS 0x0000000783200000, 0x0000000783200000| Untracked 
|  51|0x0000000783300000, 0x0000000783300000, 0x0000000783400000|  0%| F|  |TAMS 0x0000000783300000, 0x0000000783300000| Untracked 
|  52|0x0000000783400000, 0x0000000783400000, 0x0000000783500000|  0%| F|  |TAMS 0x0000000783400000, 0x0000000783400000| Untracked 
|  53|0x0000000783500000, 0x0000000783500000, 0x0000000783600000|  0%| F|  |TAMS 0x0000000783500000, 0x0000000783500000| Untracked 
|  54|0x0000000783600000, 0x0000000783600000, 0x0000000783700000|  0%| F|  |TAMS 0x0000000783600000, 0x0000000783600000| Untracked 
|  55|0x0000000783700000, 0x0000000783700000, 0x0000000783800000|  0%| F|  |TAMS 0x0000000783700000, 0x0000000783700000| Untracked 
|  56|0x0000000783800000, 0x0000000783800000, 0x0000000783900000|  0%| F|  |TAMS 0x0000000783800000, 0x0000000783800000| Untracked 
|  57|0x0000000783900000, 0x0000000783900000, 0x0000000783a00000|  0%| F|  |TAMS 0x0000000783900000, 0x0000000783900000| Untracked 
|  58|0x0000000783a00000, 0x0000000783a00000, 0x0000000783b00000|  0%| F|  |TAMS 0x0000000783a00000, 0x0000000783a00000| Untracked 
|  59|0x0000000783b00000, 0x0000000783b00000, 0x0000000783c00000|  0%| F|  |TAMS 0x0000000783b00000, 0x0000000783b00000| Untracked 
|  60|0x0000000783c00000, 0x0000000783c00000, 0x0000000783d00000|  0%| F|  |TAMS 0x0000000783c00000, 0x0000000783c00000| Untracked 
|  61|0x0000000783d00000, 0x0000000783d00000, 0x0000000783e00000|  0%| F|  |TAMS 0x0000000783d00000, 0x0000000783d00000| Untracked 
|  62|0x0000000783e00000, 0x0000000783e00000, 0x0000000783f00000|  0%| F|  |TAMS 0x0000000783e00000, 0x0000000783e00000| Untracked 
|  63|0x0000000783f00000, 0x0000000783f00000, 0x0000000784000000|  0%| F|  |TAMS 0x0000000783f00000, 0x0000000783f00000| Untracked 
|  64|0x0000000784000000, 0x0000000784000000, 0x0000000784100000|  0%| F|  |TAMS 0x0000000784000000, 0x0000000784000000| Untracked 
|  65|0x0000000784100000, 0x0000000784100000, 0x0000000784200000|  0%| F|  |TAMS 0x0000000784100000, 0x0000000784100000| Untracked 
|  66|0x0000000784200000, 0x0000000784200000, 0x0000000784300000|  0%| F|  |TAMS 0x0000000784200000, 0x0000000784200000| Untracked 
|  67|0x0000000784300000, 0x0000000784300000, 0x0000000784400000|  0%| F|  |TAMS 0x0000000784300000, 0x0000000784300000| Untracked 
|  68|0x0000000784400000, 0x0000000784400000, 0x0000000784500000|  0%| F|  |TAMS 0x0000000784400000, 0x0000000784400000| Untracked 
|  69|0x0000000784500000, 0x0000000784500000, 0x0000000784600000|  0%| F|  |TAMS 0x0000000784500000, 0x0000000784500000| Untracked 
|  70|0x0000000784600000, 0x0000000784600000, 0x0000000784700000|  0%| F|  |TAMS 0x0000000784600000, 0x0000000784600000| Untracked 
|  71|0x0000000784700000, 0x0000000784700000, 0x0000000784800000|  0%| F|  |TAMS 0x0000000784700000, 0x0000000784700000| Untracked 
|  72|0x0000000784800000, 0x0000000784800000, 0x0000000784900000|  0%| F|  |TAMS 0x0000000784800000, 0x0000000784800000| Untracked 
|  73|0x0000000784900000, 0x0000000784900000, 0x0000000784a00000|  0%| F|  |TAMS 0x0000000784900000, 0x0000000784900000| Untracked 
|  74|0x0000000784a00000, 0x0000000784a00000, 0x0000000784b00000|  0%| F|  |TAMS 0x0000000784a00000, 0x0000000784a00000| Untracked 
|  75|0x0000000784b00000, 0x0000000784b00000, 0x0000000784c00000|  0%| F|  |TAMS 0x0000000784b00000, 0x0000000784b00000| Untracked 
|  76|0x0000000784c00000, 0x0000000784c00000, 0x0000000784d00000|  0%| F|  |TAMS 0x0000000784c00000, 0x0000000784c00000| Untracked 
|  77|0x0000000784d00000, 0x0000000784d00000, 0x0000000784e00000|  0%| F|  |TAMS 0x0000000784d00000, 0x0000000784d00000| Untracked 
|  78|0x0000000784e00000, 0x0000000784e00000, 0x0000000784f00000|  0%| F|  |TAMS 0x0000000784e00000, 0x0000000784e00000| Untracked 
|  79|0x0000000784f00000, 0x0000000784f00000, 0x0000000785000000|  0%| F|  |TAMS 0x0000000784f00000, 0x0000000784f00000| Untracked 
|  80|0x0000000785000000, 0x0000000785000000, 0x0000000785100000|  0%| F|  |TAMS 0x0000000785000000, 0x0000000785000000| Untracked 
|  81|0x0000000785100000, 0x0000000785100000, 0x0000000785200000|  0%| F|  |TAMS 0x0000000785100000, 0x0000000785100000| Untracked 
|  82|0x0000000785200000, 0x0000000785200000, 0x0000000785300000|  0%| F|  |TAMS 0x0000000785200000, 0x0000000785200000| Untracked 
|  83|0x0000000785300000, 0x0000000785300000, 0x0000000785400000|  0%| F|  |TAMS 0x0000000785300000, 0x0000000785300000| Untracked 
|  84|0x0000000785400000, 0x0000000785400000, 0x0000000785500000|  0%| F|  |TAMS 0x0000000785400000, 0x0000000785400000| Untracked 
|  85|0x0000000785500000, 0x0000000785500000, 0x0000000785600000|  0%| F|  |TAMS 0x0000000785500000, 0x0000000785500000| Untracked 
|  86|0x0000000785600000, 0x0000000785600000, 0x0000000785700000|  0%| F|  |TAMS 0x0000000785600000, 0x0000000785600000| Untracked 
|  87|0x0000000785700000, 0x0000000785700000, 0x0000000785800000|  0%| F|  |TAMS 0x0000000785700000, 0x0000000785700000| Untracked 
|  88|0x0000000785800000, 0x0000000785800000, 0x0000000785900000|  0%| F|  |TAMS 0x0000000785800000, 0x0000000785800000| Untracked 
|  89|0x0000000785900000, 0x0000000785900000, 0x0000000785a00000|  0%| F|  |TAMS 0x0000000785900000, 0x0000000785900000| Untracked 
|  90|0x0000000785a00000, 0x0000000785a00000, 0x0000000785b00000|  0%| F|  |TAMS 0x0000000785a00000, 0x0000000785a00000| Untracked 
|  91|0x0000000785b00000, 0x0000000785b00000, 0x0000000785c00000|  0%| F|  |TAMS 0x0000000785b00000, 0x0000000785b00000| Untracked 
|  92|0x0000000785c00000, 0x0000000785c00000, 0x0000000785d00000|  0%| F|  |TAMS 0x0000000785c00000, 0x0000000785c00000| Untracked 
|  93|0x0000000785d00000, 0x0000000785d00000, 0x0000000785e00000|  0%| F|  |TAMS 0x0000000785d00000, 0x0000000785d00000| Untracked 
|  94|0x0000000785e00000, 0x0000000785e00000, 0x0000000785f00000|  0%| F|  |TAMS 0x0000000785e00000, 0x0000000785e00000| Untracked 
|  95|0x0000000785f00000, 0x0000000785f00000, 0x0000000786000000|  0%| F|  |TAMS 0x0000000785f00000, 0x0000000785f00000| Untracked 
|  96|0x0000000786000000, 0x0000000786000000, 0x0000000786100000|  0%| F|  |TAMS 0x0000000786000000, 0x0000000786000000| Untracked 
|  97|0x0000000786100000, 0x0000000786100000, 0x0000000786200000|  0%| F|  |TAMS 0x0000000786100000, 0x0000000786100000| Untracked 
|  98|0x0000000786200000, 0x0000000786200000, 0x0000000786300000|  0%| F|  |TAMS 0x0000000786200000, 0x0000000786200000| Untracked 
|  99|0x0000000786300000, 0x0000000786300000, 0x0000000786400000|  0%| F|  |TAMS 0x0000000786300000, 0x0000000786300000| Untracked 
| 100|0x0000000786400000, 0x0000000786400000, 0x0000000786500000|  0%| F|  |TAMS 0x0000000786400000, 0x0000000786400000| Untracked 
| 101|0x0000000786500000, 0x0000000786500000, 0x0000000786600000|  0%| F|  |TAMS 0x0000000786500000, 0x0000000786500000| Untracked 
| 102|0x0000000786600000, 0x0000000786600000, 0x0000000786700000|  0%| F|  |TAMS 0x0000000786600000, 0x0000000786600000| Untracked 
| 103|0x0000000786700000, 0x0000000786700000, 0x0000000786800000|  0%| F|  |TAMS 0x0000000786700000, 0x0000000786700000| Untracked 
| 104|0x0000000786800000, 0x0000000786800000, 0x0000000786900000|  0%| F|  |TAMS 0x0000000786800000, 0x0000000786800000| Untracked 
| 105|0x0000000786900000, 0x0000000786900000, 0x0000000786a00000|  0%| F|  |TAMS 0x0000000786900000, 0x0000000786900000| Untracked 
| 106|0x0000000786a00000, 0x0000000786a00000, 0x0000000786b00000|  0%| F|  |TAMS 0x0000000786a00000, 0x0000000786a00000| Untracked 
| 107|0x0000000786b00000, 0x0000000786b00000, 0x0000000786c00000|  0%| F|  |TAMS 0x0000000786b00000, 0x0000000786b00000| Untracked 
| 108|0x0000000786c00000, 0x0000000786c00000, 0x0000000786d00000|  0%| F|  |TAMS 0x0000000786c00000, 0x0000000786c00000| Untracked 
| 109|0x0000000786d00000, 0x0000000786d00000, 0x0000000786e00000|  0%| F|  |TAMS 0x0000000786d00000, 0x0000000786d00000| Untracked 
| 110|0x0000000786e00000, 0x0000000786e00000, 0x0000000786f00000|  0%| F|  |TAMS 0x0000000786e00000, 0x0000000786e00000| Untracked 
| 111|0x0000000786f00000, 0x0000000786f00000, 0x0000000787000000|  0%| F|  |TAMS 0x0000000786f00000, 0x0000000786f00000| Untracked 
| 112|0x0000000787000000, 0x0000000787000000, 0x0000000787100000|  0%| F|  |TAMS 0x0000000787000000, 0x0000000787000000| Untracked 
| 113|0x0000000787100000, 0x0000000787100000, 0x0000000787200000|  0%| F|  |TAMS 0x0000000787100000, 0x0000000787100000| Untracked 
| 114|0x0000000787200000, 0x0000000787200000, 0x0000000787300000|  0%| F|  |TAMS 0x0000000787200000, 0x0000000787200000| Untracked 
| 115|0x0000000787300000, 0x0000000787300000, 0x0000000787400000|  0%| F|  |TAMS 0x0000000787300000, 0x0000000787300000| Untracked 
| 116|0x0000000787400000, 0x0000000787400000, 0x0000000787500000|  0%| F|  |TAMS 0x0000000787400000, 0x0000000787400000| Untracked 
| 117|0x0000000787500000, 0x0000000787500000, 0x0000000787600000|  0%| F|  |TAMS 0x0000000787500000, 0x0000000787500000| Untracked 
| 118|0x0000000787600000, 0x0000000787600000, 0x0000000787700000|  0%| F|  |TAMS 0x0000000787600000, 0x0000000787600000| Untracked 
| 119|0x0000000787700000, 0x0000000787700000, 0x0000000787800000|  0%| F|  |TAMS 0x0000000787700000, 0x0000000787700000| Untracked 
| 120|0x0000000787800000, 0x0000000787900000, 0x0000000787900000|100%| E|  |TAMS 0x0000000787800000, 0x0000000787800000| Complete 
| 121|0x0000000787900000, 0x0000000787a00000, 0x0000000787a00000|100%| E|CS|TAMS 0x0000000787900000, 0x0000000787900000| Complete 
| 122|0x0000000787a00000, 0x0000000787b00000, 0x0000000787b00000|100%| E|CS|TAMS 0x0000000787a00000, 0x0000000787a00000| Complete 
| 123|0x0000000787b00000, 0x0000000787c00000, 0x0000000787c00000|100%| E|CS|TAMS 0x0000000787b00000, 0x0000000787b00000| Complete 
| 124|0x0000000787c00000, 0x0000000787d00000, 0x0000000787d00000|100%| E|CS|TAMS 0x0000000787c00000, 0x0000000787c00000| Complete 
| 125|0x0000000787d00000, 0x0000000787e00000, 0x0000000787e00000|100%| E|CS|TAMS 0x0000000787d00000, 0x0000000787d00000| Complete 
| 126|0x0000000787e00000, 0x0000000787f00000, 0x0000000787f00000|100%| E|CS|TAMS 0x0000000787e00000, 0x0000000787e00000| Complete 
| 127|0x0000000787f00000, 0x0000000788000000, 0x0000000788000000|100%| E|CS|TAMS 0x0000000787f00000, 0x0000000787f00000| Complete 

Card table byte_map: [0x000000010c3c8000,0x000000010c7c8000] _byte_map_base: 0x00000001087c8000

Marking Bits (Prev, Next): (CMBitMap*) 0x00007ff39c037618, (CMBitMap*) 0x00007ff39c037650
 Prev Bits: [0x0000000124699000, 0x0000000126699000)
 Next Bits: [0x0000000126699000, 0x0000000128699000)

Polling page: 0x0000000108f90000

Metaspace:

Usage:
  Non-class:     11.80 MB capacity,    11.63 MB ( 99%) used,   142.77 KB (  1%) free+waste,    37.75 KB ( <1%) overhead. 
      Class:      1.62 MB capacity,     1.43 MB ( 88%) used,   169.86 KB ( 10%) free+waste,    21.25 KB (  1%) overhead. 
       Both:     13.42 MB capacity,    13.06 MB ( 97%) used,   312.62 KB (  2%) free+waste,    59.00 KB ( <1%) overhead. 

Virtual space:
  Non-class space:       12.00 MB reserved,      12.00 MB (100%) committed 
      Class space:        1.00 GB reserved,       1.62 MB ( <1%) committed 
             Both:        1.01 GB reserved,      13.62 MB (  1%) committed 

Chunk freelists:
   Non-Class:  16.00 KB
       Class:  6.00 KB
        Both:  22.00 KB

MaxMetaspaceSize: unlimited
CompressedClassSpaceSize: 1.00 GB
Initial GC threshold: 20.80 MB
Current GC threshold: 20.80 MB
CDS: off

CodeHeap 'non-profiled nmethods': size=120032Kb used=289Kb max_used=289Kb free=119742Kb
 bounds [0x000000011d161000, 0x000000011d3d1000, 0x0000000124699000]
CodeHeap 'profiled nmethods': size=120032Kb used=1494Kb max_used=1494Kb free=118537Kb
 bounds [0x0000000115c29000, 0x0000000115e99000, 0x000000011d161000]
CodeHeap 'non-nmethods': size=5696Kb used=1255Kb max_used=1268Kb free=4440Kb
 bounds [0x0000000115699000, 0x0000000115909000, 0x0000000115c29000]
 total_blobs=1430 nmethods=883 adapters=461
 compilation: enabled
              stopped_count=0, restarted_count=0
 full_count=0

Compilation events (20 events):
Event: 5.945 Thread 0x00007ff39d01c800  874   !   3       sun.awt.PostEventQueue::postEvent (81 bytes)
Event: 5.945 Thread 0x00007ff39d01c800 nmethod 874 0x0000000115d98990 code [0x0000000115d98be0, 0x0000000115d99690]
Event: 5.945 Thread 0x00007ff39d01c800  872       3       java.awt.EventQueue$2::wakeup (6 bytes)
Event: 5.946 Thread 0x00007ff39d01c800 nmethod 872 0x0000000115d99a10 code [0x0000000115d99bc0, 0x0000000115d99d00]
Event: 5.946 Thread 0x00007ff39d01c800  873   !   3       java.awt.EventQueue::wakeup (79 bytes)
Event: 5.946 Thread 0x00007ff39d01c800 nmethod 873 0x0000000115d99e10 code [0x0000000115d9a060, 0x0000000115d9a890]
Event: 6.000 Thread 0x00007ff39d01c800  875       3       java.util.concurrent.locks.LockSupport::unpark (12 bytes)
Event: 6.000 Thread 0x00007ff39d01c800 nmethod 875 0x0000000115d9ac90 code [0x0000000115d9ae40, 0x0000000115d9afa0]
Event: 6.000 Thread 0x00007ff39d01c800  876       3       java.util.concurrent.locks.LockSupport::park (23 bytes)
Event: 6.001 Thread 0x00007ff39d01c800 nmethod 876 0x0000000115d9b090 code [0x0000000115d9b260, 0x0000000115d9b540]
Event: 6.056 Thread 0x00007ff39d01c800  879       3       java.util.concurrent.locks.AbstractQueuedSynchronizer$ConditionObject::doSignalAll (36 bytes)
Event: 6.056 Thread 0x00007ff39d01c800 nmethod 879 0x0000000115d9b690 code [0x0000000115d9b860, 0x0000000115d9bb00]
Event: 6.072 Thread 0x00007ff39d01c800  880   !   3       java.util.concurrent.locks.AbstractQueuedSynchronizer::acquireQueued (74 bytes)
Event: 6.074 Thread 0x00007ff39d01c800 nmethod 880 0x0000000115d9bc10 code [0x0000000115d9bec0, 0x0000000115d9cba0]
Event: 6.097 Thread 0x00007ff39d01c800  881       3       java.awt.KeyboardFocusManager::checkKFMSecurity (11 bytes)
Event: 6.097 Thread 0x00007ff39d01c800 nmethod 881 0x0000000115d9d110 code [0x0000000115d9d320, 0x0000000115d9d830]
Event: 7.664 Thread 0x00007ff39d01b800  882       4       jdk.internal.logger.SurrogateLogger::defaultPlatformLevel (4 bytes)
Event: 7.665 Thread 0x00007ff39d01b800 nmethod 882 0x000000011d1a9290 code [0x000000011d1a9420, 0x000000011d1a9498]
Event: 9.826 Thread 0x00007ff39d01c800  883       3       java.util.concurrent.locks.AbstractQueuedSynchronizer::unparkSuccessor (84 bytes)
Event: 9.828 Thread 0x00007ff39d01c800 nmethod 883 0x0000000115d9da10 code [0x0000000115d9dc80, 0x0000000115d9e690]

GC Heap History (0 events):
No events

Deoptimization events (4 events):
Event: 0.160 Thread 0x00007ff39c01a800 Uncommon trap: trap_request=0xffffff4d fr.pc=0x000000011d16490c relative=0x00000000000001ec
Event: 0.160 Thread 0x00007ff39c01a800 Uncommon trap: reason=unstable_if action=reinterpret pc=0x000000011d16490c method=java.lang.String.hashCode()I @ 14 c2
Event: 0.160 Thread 0x00007ff39c01a800 DEOPT PACKING pc=0x000000011d16490c sp=0x00007000041744c0
Event: 0.160 Thread 0x00007ff39c01a800 DEOPT UNPACKING pc=0x00000001156e2ea5 sp=0x0000700004174478 mode 2

Classes redefined (0 events):
No events

Internal exceptions (20 events):
Event: 0.570 Thread 0x00007ff39c01a800 Exception <a 'java/lang/NoSuchMethodError'{0x0000000787c45348}: 'java.lang.Object java.lang.invoke.DirectMethodHandle$Holder.invokeStatic(java.lang.Object, java.lang.Object, java.lang.Object, java.lang.Object, java.lang.Object, java.lang.Object, java.lang.Object, java.lang.Object, int, int)'> (0x0000000787c45348) thrown at [./src/hotspot/share/interpreter/linkResolver.cpp, line 773]
Event: 1.032 Thread 0x00007ff39c01a800 Exception <a 'java/lang/NoSuchMethodError'{0x0000000787be55d0}: 'void java.lang.invoke.DirectMethodHandle$Holder.invokeStaticInit(java.lang.Object)'> (0x0000000787be55d0) thrown at [./src/hotspot/share/interpreter/linkResolver.cpp, line 773]
Event: 1.051 Thread 0x00007ff39c01a800 Exception <a 'java/lang/NoSuchMethodError'{0x0000000787a0c870}: 'java.lang.Object java.lang.invoke.DirectMethodHandle$Holder.invokeStatic(java.lang.Object, int, java.lang.Object, java.lang.Object, java.lang.Object, java.lang.Object)'> (0x0000000787a0c870) thrown at [./src/hotspot/share/interpreter/linkResolver.cpp, line 773]
Event: 1.052 Thread 0x00007ff39c01a800 Exception <a 'java/lang/NoSuchMethodError'{0x0000000787a13930}: 'java.lang.Object java.lang.invoke.DirectMethodHandle$Holder.invokeStatic(java.lang.Object, int, java.lang.Object, java.lang.Object, java.lang.Object)'> (0x0000000787a13930) thrown at [./src/hotspot/share/interpreter/linkResolver.cpp, line 773]
Event: 1.052 Thread 0x00007ff39c01a800 Exception <a 'java/lang/NoSuchMethodError'{0x0000000787a17478}: 'java.lang.Object java.lang.invoke.DirectMethodHandle$Holder.invokeSpecial(java.lang.Object, java.lang.Object, int, java.lang.Object, java.lang.Object, java.lang.Object)'> (0x0000000787a17478) thrown at [./src/hotspot/share/interpreter/linkResolver.cpp, line 773]
Event: 1.068 Thread 0x00007ff39c01a800 Exception <a 'java/lang/ClassNotFoundException'{0x0000000787a5ad58}: com/apple/laf/resources/spi/aquaProvider> (0x0000000787a5ad58) thrown at [./src/hotspot/share/classfile/systemDictionary.cpp, line 231]
Event: 1.153 Thread 0x00007ff39c01a800 Exception <a 'java/lang/ClassNotFoundException'{0x0000000787ac3438}: com/sun/swing/internal/plaf/basic/resources/spi/basicProvider> (0x0000000787ac3438) thrown at [./src/hotspot/share/classfile/systemDictionary.cpp, line 231]
Event: 1.278 Thread 0x00007ff39c01a800 Exception <a 'java/lang/NoSuchMethodError'{0x000000078798b020}: 'void java.lang.invoke.DirectMethodHandle$Holder.invokeSpecial(java.lang.Object, java.lang.Object)'> (0x000000078798b020) thrown at [./src/hotspot/share/interpreter/linkResolver.cpp, line 773]
Event: 1.332 Thread 0x00007ff39c01a800 Exception <a 'java/lang/NoSuchMethodError'{0x00000007879aeb68}: 'java.lang.Object java.lang.invoke.DirectMethodHandle$Holder.invokeStatic(java.lang.Object, java.lang.Object, java.lang.Object, int, java.lang.Object)'> (0x00000007879aeb68) thrown at [./src/hotspot/share/interpreter/linkResolver.cpp, line 773]
Event: 1.333 Thread 0x00007ff39c01a800 Exception <a 'java/lang/NoSuchMethodError'{0x00000007879b56f8}: 'java.lang.Object java.lang.invoke.Invokers$Holder.linkToTargetMethod(java.lang.Object, java.lang.Object, int, java.lang.Object, java.lang.Object)'> (0x00000007879b56f8) thrown at [./src/hotspot/share/interpreter/linkResolver.cpp, line 773]
Event: 1.571 Thread 0x00007ff39c01a800 Exception <a 'java/lang/NoSuchMethodError'{0x00000007879b9238}: 'void java.lang.invoke.DirectMethodHandle$Holder.invokeStatic(java.lang.Object, int, long)'> (0x00000007879b9238) thrown at [./src/hotspot/share/interpreter/linkResolver.cpp, line 773]
Event: 1.589 Thread 0x00007ff39c01a800 Exception <a 'java/lang/NoSuchMethodError'{0x00000007879c8ff8}: 'java.lang.Object java.lang.invoke.DirectMethodHandle$Holder.invokeStatic(java.lang.Object, int, int, int, int)'> (0x00000007879c8ff8) thrown at [./src/hotspot/share/interpreter/linkResolver.cpp, line 773]
Event: 1.589 Thread 0x00007ff39c01a800 Exception <a 'java/lang/NoSuchMethodError'{0x00000007879cc698}: 'java.lang.Object java.lang.invoke.DirectMethodHandle$Holder.invokeSpecial(java.lang.Object, java.lang.Object, int, int, int, int)'> (0x00000007879cc698) thrown at [./src/hotspot/share/interpreter/linkResolver.cpp, line 773]
Event: 1.589 Thread 0x00007ff39c01a800 Exception <a 'java/lang/NoSuchMethodError'{0x00000007879cf7d8}: 'java.lang.Object java.lang.invoke.Invokers$Holder.linkToTargetMethod(int, int, int, int, java.lang.Object)'> (0x00000007879cf7d8) thrown at [./src/hotspot/share/interpreter/linkResolver.cpp, line 773]
Event: 1.591 Thread 0x00007ff39c01a800 Exception <a 'java/lang/NoSuchMethodError'{0x00000007879d27d0}: 'void java.lang.invoke.DirectMethodHandle$Holder.invokeStatic(java.lang.Object, java.lang.Object, long)'> (0x00000007879d27d0) thrown at [./src/hotspot/share/interpreter/linkResolver.cpp, line 773]
Event: 1.597 Thread 0x00007ff39ca0c000 Exception <a 'java/lang/NoSuchMethodError'{0x00000007879dc008}: 'void java.lang.invoke.DirectMethodHandle$Holder.invokeStatic(java.lang.Object, long)'> (0x00000007879dc008) thrown at [./src/hotspot/share/interpreter/linkResolver.cpp, line 773]
Event: 1.646 Thread 0x00007ff39c01a800 Exception <a 'java/lang/NoSuchMethodError'{0x000000078780cef8}: 'void java.lang.invoke.DirectMethodHandle$Holder.invokeSpecial(java.lang.Object, java.lang.Object, long)'> (0x000000078780cef8) thrown at [./src/hotspot/share/interpreter/linkResolver.cpp, line 773]
Event: 1.648 Thread 0x00007ff39c01a800 Exception <a 'java/lang/NoSuchMethodError'{0x00000007878129c0}: 'void java.lang.invoke.DirectMethodHandle$Holder.invokeStatic(java.lang.Object, long, long)'> (0x00000007878129c0) thrown at [./src/hotspot/share/interpreter/linkResolver.cpp, line 773]
Event: 1.649 Thread 0x00007ff39c01a800 Exception <a 'java/lang/NoSuchMethodError'{0x0000000787817bb0}: 'java.lang.Object java.lang.invoke.DirectMethodHandle$Holder.invokeStatic(java.lang.Object, long)'> (0x0000000787817bb0) thrown at [./src/hotspot/share/interpreter/linkResolver.cpp, line 773]
Event: 1.652 Thread 0x00007ff39c01a800 Exception <a 'java/lang/NoSuchMethodError'{0x0000000787826878}: 'java.lang.Object java.lang.invoke.Invokers$Holder.linkToTargetMethod(java.lang.Object, int, java.lang.Object)'> (0x0000000787826878) thrown at [./src/hotspot/share/interpreter/linkResolver.cpp, line 773]

Events (20 events):
Event: 1.733 loading class java/text/CharacterIterator done
Event: 1.733 loading class java/text/AttributedCharacterIterator done
Event: 1.733 loading class java/text/AttributedString$AttributedStringIterator done
Event: 3.942 loading class sun/lwawt/macosx/NSEvent
Event: 3.942 loading class sun/lwawt/macosx/NSEvent done
Event: 3.943 Executing VM operation: RevokeBias
Event: 3.944 Executing VM operation: RevokeBias done
Event: 3.945 loading class java/awt/event/MouseEvent$1
Event: 3.945 loading class sun/awt/AWTAccessor$MouseEventAccessor
Event: 3.946 loading class sun/awt/AWTAccessor$MouseEventAccessor done
Event: 3.946 loading class java/awt/event/MouseEvent$1 done
Event: 3.947 Executing VM operation: RevokeBias
Event: 3.949 Executing VM operation: RevokeBias done
Event: 3.949 loading class sun/lwawt/LWCursorManager$1
Event: 3.949 loading class sun/lwawt/LWCursorManager$1 done
Event: 3.954 Executing VM operation: RevokeBias
Event: 3.954 Executing VM operation: RevokeBias done
Event: 3.955 loading class sun/lwawt/macosx/CCustomCursor
Event: 3.955 loading class sun/lwawt/macosx/CCustomCursor done
Event: 5.209 Loaded shared library /Library/Java/JavaVirtualMachines/temurin-11.jdk/Contents/Home/lib/server/libjvm.dylib


Dynamic libraries:
0x00007fff34e9e000 	/System/Library/Frameworks/Cocoa.framework/Versions/A/Cocoa
0x00007fff221e8000 	/System/Library/Frameworks/Security.framework/Versions/A/Security
0x00007fff330a6000 	/System/Library/Frameworks/ApplicationServices.framework/Versions/A/ApplicationServices
0x00007fff2a46a000 	/usr/lib/libz.1.dylib
0x0000000108f1c000 	/Library/Java/JavaVirtualMachines/temurin-11.jdk/Contents/Home/lib/jli/libjli.dylib
0x00007fff2a532000 	/usr/lib/libSystem.B.dylib
0x00007fff22c19000 	/System/Library/Frameworks/AppKit.framework/Versions/C/AppKit
0x00007fff25add000 	/System/Library/Frameworks/CoreData.framework/Versions/A/CoreData
0x00007fff21180000 	/System/Library/Frameworks/Foundation.framework/Versions/C/Foundation
0x00007fff23965000 	/System/Library/PrivateFrameworks/UIFoundation.framework/Versions/A/UIFoundation
0x00007fff2fb60000 	/System/Library/PrivateFrameworks/RemoteViewServices.framework/Versions/A/RemoteViewServices
0x00007fff28976000 	/System/Library/PrivateFrameworks/XCTTargetBootstrap.framework/Versions/A/XCTTargetBootstrap
0x00007fff2b65c000 	/usr/lib/libspindump.dylib
0x00007fff23bb4000 	/System/Library/Frameworks/UniformTypeIdentifiers.framework/Versions/A/UniformTypeIdentifiers
0x00007fff2717a000 	/usr/lib/libapp_launch_measurement.dylib
0x00007fff2717d000 	/System/Library/PrivateFrameworks/CoreAutoLayout.framework/Versions/A/CoreAutoLayout
0x00007fff282dd000 	/System/Library/Frameworks/Metal.framework/Versions/A/Metal
0x00007fff28fd3000 	/usr/lib/liblangid.dylib
0x00007fff2897a000 	/System/Library/PrivateFrameworks/CoreSVG.framework/Versions/A/CoreSVG
0x00007fff24bf4000 	/System/Library/PrivateFrameworks/SkyLight.framework/Versions/A/SkyLight
0x00007fff24f5a000 	/System/Library/Frameworks/CoreGraphics.framework/Versions/A/CoreGraphics
0x00007fff30087000 	/System/Library/Frameworks/Accelerate.framework/Versions/A/Accelerate
0x00007fff2b09a000 	/System/Library/PrivateFrameworks/IconServices.framework/Versions/A/IconServices
0x00007fff282c1000 	/System/Library/Frameworks/IOSurface.framework/Versions/A/IOSurface
0x00007fff26465000 	/usr/lib/libDiagnosticMessagesClient.dylib
0x00007fff28962000 	/System/Library/PrivateFrameworks/DFRFoundation.framework/Versions/A/DFRFoundation
0x00007fff22540000 	/usr/lib/libicucore.A.dylib
0x00007fff2cb9f000 	/System/Library/Frameworks/AudioToolbox.framework/Versions/A/AudioToolbox
0x00007fff2be27000 	/System/Library/PrivateFrameworks/DataDetectorsCore.framework/Versions/A/DataDetectorsCore
0x00007fff24b67000 	/usr/lib/libMobileGestalt.dylib
0x00007fff28666000 	/System/Library/Frameworks/Carbon.framework/Versions/A/Frameworks/HIToolbox.framework/Versions/A/HIToolbox
0x00007fff26bbf000 	/System/Library/Frameworks/QuartzCore.framework/Versions/A/QuartzCore
0x00007fff2fb98000 	/System/Library/Frameworks/Carbon.framework/Versions/A/Frameworks/SpeechRecognition.framework/Versions/A/SpeechRecognition
0x00007fff26edf000 	/System/Library/PrivateFrameworks/CoreUI.framework/Versions/A/CoreUI
0x00007fff21b56000 	/System/Library/Frameworks/CoreAudio.framework/Versions/A/CoreAudio
0x00007fff26550000 	/System/Library/Frameworks/DiskArbitration.framework/Versions/A/DiskArbitration
0x00007fff2ba2a000 	/System/Library/PrivateFrameworks/MultitouchSupport.framework/Versions/A/MultitouchSupport
0x00007fff2be1e000 	/System/Library/PrivateFrameworks/InternationalSupport.framework/Versions/A/InternationalSupport
0x00007fff24b66000 	/usr/lib/libenergytrace.dylib
0x00007fff22b10000 	/System/Library/Frameworks/IOKit.framework/Versions/A/IOKit
0x00007fff2fecb000 	/System/Library/Frameworks/CoreServices.framework/Versions/A/CoreServices
0x00007fff2710c000 	/System/Library/PrivateFrameworks/PerformanceAnalysis.framework/Versions/A/PerformanceAnalysis
0x00007fff6ba38000 	/System/Library/Frameworks/OpenGL.framework/Versions/A/OpenGL
0x00007fff2bea2000 	/System/Library/PrivateFrameworks/UserActivity.framework/Versions/A/UserActivity
0x00007fff201f1000 	/usr/lib/libobjc.A.dylib
0x00007fff255e4000 	/System/Library/Frameworks/ColorSync.framework/Versions/A/ColorSync
0x00007fff203d1000 	/System/Library/Frameworks/CoreFoundation.framework/Versions/A/CoreFoundation
0x00007fff28be1000 	/System/Library/Frameworks/CoreImage.framework/Versions/A/CoreImage
0x00007fff21970000 	/System/Library/Frameworks/CoreText.framework/Versions/A/CoreText
0x00007fff289a4000 	/System/Library/Frameworks/ImageIO.framework/Versions/A/ImageIO
0x00007fff2a538000 	/System/Library/PrivateFrameworks/SoftLinking.framework/Versions/A/SoftLinking
0x00007fff271c5000 	/usr/lib/libxml2.2.dylib
0x00007fff202b7000 	/usr/lib/libc++.1.dylib
0x00007fff2a7a9000 	/usr/lib/libcompression.dylib
0x00007fff2bd50000 	/System/Library/PrivateFrameworks/TextureIO.framework/Versions/A/TextureIO
0x00007fff2add8000 	/usr/lib/libate.dylib
0x00007fff2a52c000 	/usr/lib/system/libcache.dylib
0x00007fff2a4e8000 	/usr/lib/system/libcommonCrypto.dylib
0x00007fff2a512000 	/usr/lib/system/libcompiler_rt.dylib
0x00007fff2a507000 	/usr/lib/system/libcopyfile.dylib
0x00007fff200e1000 	/usr/lib/system/libcorecrypto.dylib
0x00007fff201ac000 	/usr/lib/system/libdispatch.dylib
0x00007fff2035f000 	/usr/lib/system/libdyld.dylib
0x00007fff2a523000 	/usr/lib/system/libkeymgr.dylib
0x00007fff2d936000 	/usr/lib/system/liblaunch.dylib
0x00007fff2a4c6000 	/usr/lib/system/libmacho.dylib
0x00007fff29cbe000 	/usr/lib/system/libquarantine.dylib
0x00007fff2a520000 	/usr/lib/system/libremovefile.dylib
0x00007fff24bc4000 	/usr/lib/system/libsystem_asl.dylib
0x00007fff20091000 	/usr/lib/system/libsystem_blocks.dylib
0x00007fff2022e000 	/usr/lib/system/libsystem_c.dylib
0x00007fff2a51a000 	/usr/lib/system/libsystem_collections.dylib
0x00007fff28fc4000 	/usr/lib/system/libsystem_configuration.dylib
0x00007fff282b0000 	/usr/lib/system/libsystem_containermanager.dylib
0x00007fff2a269000 	/usr/lib/system/libsystem_coreservices.dylib
0x00007fff227a0000 	/usr/lib/system/libsystem_darwin.dylib
0x00007fff2a524000 	/usr/lib/system/libsystem_dnssd.dylib
0x00007fff2022b000 	/usr/lib/system/libsystem_featureflags.dylib
0x00007fff203a5000 	/usr/lib/system/libsystem_info.dylib
0x00007fff2a47d000 	/usr/lib/system/libsystem_m.dylib
0x00007fff2017f000 	/usr/lib/system/libsystem_malloc.dylib
0x00007fff24b57000 	/usr/lib/system/libsystem_networkextension.dylib
0x00007fff22bbf000 	/usr/lib/system/libsystem_notify.dylib
0x00007fff2fdcd000 	/usr/lib/system/libsystem_product_info_filter.dylib
0x00007fff28fc8000 	/usr/lib/system/libsystem_sandbox.dylib
0x00007fff2a51d000 	/usr/lib/system/libsystem_secinit.dylib
0x00007fff20323000 	/usr/lib/system/libsystem_kernel.dylib
0x00007fff2039b000 	/usr/lib/system/libsystem_platform.dylib
0x00007fff20353000 	/usr/lib/system/libsystem_pthread.dylib
0x00007fff262a1000 	/usr/lib/system/libsystem_symptoms.dylib
0x00007fff200c9000 	/usr/lib/system/libsystem_trace.dylib
0x00007fff2a4f4000 	/usr/lib/system/libunwind.dylib
0x00007fff20093000 	/usr/lib/system/libxpc.dylib
0x00007fff2030d000 	/usr/lib/libc++abi.dylib
0x00007fff2a4ff000 	/usr/lib/liboah.dylib
0x00007fff2abbd000 	/usr/lib/liblzma.5.dylib
0x00007fff20e94000 	/System/Library/Frameworks/SystemConfiguration.framework/Versions/A/SystemConfiguration
0x00007fff2a534000 	/usr/lib/libfakelink.dylib
0x00007fff246b8000 	/System/Library/Frameworks/CFNetwork.framework/Versions/A/CFNetwork
0x00007fff2a674000 	/usr/lib/libarchive.2.dylib
0x00007fff20f12000 	/usr/lib/libCRFSuite.dylib
0x00007fff29ce5000 	/usr/lib/libbsm.0.dylib
0x00007fff24031000 	/usr/lib/libnetwork.dylib
0x00007fff2a539000 	/usr/lib/libpcap.A.dylib
0x00007fff2629a000 	/usr/lib/libdns_services.dylib
0x00007fff2abd6000 	/usr/lib/libcoretls_cfhelpers.dylib
0x00007fff2a773000 	/usr/lib/libapple_nghttp2.dylib
0x00007fff2a4cc000 	/usr/lib/system/libkxld.dylib
0x00007fff25f13000 	/usr/lib/libsqlite3.dylib
0x00007fff2a24c000 	/System/Library/PrivateFrameworks/AppleFSCompression.framework/Versions/A/AppleFSCompression
0x00007fff29ccd000 	/usr/lib/libcoretls.dylib
0x00007fff2a7a4000 	/usr/lib/libpam.2.dylib
0x00007fff2acd4000 	/usr/lib/libxar.1.dylib
0x00007fff28fcf000 	/System/Library/PrivateFrameworks/AppleSystemInfo.framework/Versions/A/AppleSystemInfo
0x00007fff2990f000 	/System/Library/PrivateFrameworks/IOMobileFramebuffer.framework/Versions/A/IOMobileFramebuffer
0x00007fff2a25c000 	/usr/lib/libbz2.1.0.dylib
0x00007fff2a571000 	/usr/lib/libiconv.2.dylib
0x00007fff2a4c5000 	/usr/lib/libcharset.1.dylib
0x00007fff27148000 	/System/Library/Frameworks/CoreServices.framework/Versions/A/Frameworks/FSEvents.framework/Versions/A/FSEvents
0x00007fff227aa000 	/System/Library/Frameworks/CoreServices.framework/Versions/A/Frameworks/CarbonCore.framework/Versions/A/CarbonCore
0x00007fff264b5000 	/System/Library/Frameworks/CoreServices.framework/Versions/A/Frameworks/Metadata.framework/Versions/A/Metadata
0x00007fff2a26e000 	/System/Library/Frameworks/CoreServices.framework/Versions/A/Frameworks/OSServices.framework/Versions/A/OSServices
0x00007fff2a6e6000 	/System/Library/Frameworks/CoreServices.framework/Versions/A/Frameworks/SearchKit.framework/Versions/A/SearchKit
0x00007fff26225000 	/System/Library/Frameworks/CoreServices.framework/Versions/A/Frameworks/AE.framework/Versions/A/AE
0x00007fff2086f000 	/System/Library/Frameworks/CoreServices.framework/Versions/A/Frameworks/LaunchServices.framework/Versions/A/LaunchServices
0x00007fff2ab6d000 	/System/Library/Frameworks/CoreServices.framework/Versions/A/Frameworks/DictionaryServices.framework/Versions/A/DictionaryServices
0x00007fff27155000 	/System/Library/Frameworks/CoreServices.framework/Versions/A/Frameworks/SharedFileList.framework/Versions/A/SharedFileList
0x00007fff29cc1000 	/usr/lib/libCheckFix.dylib
0x00007fff24bdb000 	/System/Library/PrivateFrameworks/TCC.framework/Versions/A/TCC
0x00007fff28fd5000 	/System/Library/PrivateFrameworks/CoreNLP.framework/Versions/A/CoreNLP
0x00007fff26468000 	/System/Library/PrivateFrameworks/MetadataUtilities.framework/Versions/A/MetadataUtilities
0x00007fff20f47000 	/usr/lib/libmecabra.dylib
0x00007fff29fcb000 	/System/Library/Frameworks/MLCompute.framework/Versions/A/MLCompute
0x00007fff29cf6000 	/usr/lib/libmecab.dylib
0x00007fff29d40000 	/usr/lib/libgermantok.dylib
0x00007fff2a74e000 	/usr/lib/libThaiTokenizer.dylib
0x00007fff2ad0f000 	/usr/lib/libChineseTokenizer.dylib
0x00007fff2a7a2000 	/System/Library/Frameworks/MetalPerformanceShaders.framework/Versions/A/MetalPerformanceShaders
0x00007fff26557000 	/System/Library/Frameworks/Accelerate.framework/Versions/A/Frameworks/vImage.framework/Versions/A/vImage
0x00007fff2fea5000 	/System/Library/Frameworks/Accelerate.framework/Versions/A/Frameworks/vecLib.framework/Versions/A/vecLib
0x00007fff2ad1a000 	/System/Library/Frameworks/Accelerate.framework/Versions/A/Frameworks/vecLib.framework/Versions/A/libvMisc.dylib
0x00007fff2972a000 	/System/Library/Frameworks/Accelerate.framework/Versions/A/Frameworks/vecLib.framework/Versions/A/libvDSP.dylib
0x00007fff20b7a000 	/System/Library/Frameworks/Accelerate.framework/Versions/A/Frameworks/vecLib.framework/Versions/A/libBLAS.dylib
0x00007fff2a7cf000 	/System/Library/Frameworks/Accelerate.framework/Versions/A/Frameworks/vecLib.framework/Versions/A/libLAPACK.dylib
0x00007fff29d46000 	/System/Library/Frameworks/Accelerate.framework/Versions/A/Frameworks/vecLib.framework/Versions/A/libLinearAlgebra.dylib
0x00007fff2a78b000 	/System/Library/Frameworks/Accelerate.framework/Versions/A/Frameworks/vecLib.framework/Versions/A/libSparseBLAS.dylib
0x00007fff2a7c9000 	/System/Library/Frameworks/Accelerate.framework/Versions/A/Frameworks/vecLib.framework/Versions/A/libQuadrature.dylib
0x00007fff29081000 	/System/Library/Frameworks/Accelerate.framework/Versions/A/Frameworks/vecLib.framework/Versions/A/libBNNS.dylib
0x00007fff20e25000 	/System/Library/Frameworks/Accelerate.framework/Versions/A/Frameworks/vecLib.framework/Versions/A/libSparse.dylib
0x00007fff28f5d000 	/System/Library/Frameworks/MetalPerformanceShaders.framework/Versions/A/Frameworks/MPSCore.framework/Versions/A/MPSCore
0x00007fff2a1bb000 	/System/Library/Frameworks/MetalPerformanceShaders.framework/Versions/A/Frameworks/MPSImage.framework/Versions/A/MPSImage
0x00007fff29d5c000 	/System/Library/Frameworks/MetalPerformanceShaders.framework/Versions/A/Frameworks/MPSNeuralNetwork.framework/Versions/A/MPSNeuralNetwork
0x00007fff2a12d000 	/System/Library/Frameworks/MetalPerformanceShaders.framework/Versions/A/Frameworks/MPSMatrix.framework/Versions/A/MPSMatrix
0x00007fff29f7b000 	/System/Library/Frameworks/MetalPerformanceShaders.framework/Versions/A/Frameworks/MPSRayIntersector.framework/Versions/A/MPSRayIntersector
0x00007fff2a164000 	/System/Library/Frameworks/MetalPerformanceShaders.framework/Versions/A/Frameworks/MPSNDArray.framework/Versions/A/MPSNDArray
0x00007fff20aa5000 	/System/Library/PrivateFrameworks/MetalTools.framework/Versions/A/MetalTools
0x00007fff28fcd000 	/System/Library/PrivateFrameworks/AggregateDictionary.framework/Versions/A/AggregateDictionary
0x00007fff26435000 	/System/Library/PrivateFrameworks/CoreAnalytics.framework/Versions/A/CoreAnalytics
0x00007fff2a750000 	/System/Library/PrivateFrameworks/AppleSauce.framework/Versions/A/AppleSauce
0x00007fff282d3000 	/System/Library/PrivateFrameworks/IOAccelerator.framework/Versions/A/IOAccelerator
0x00007fff6ba2c000 	/System/Library/Frameworks/OpenGL.framework/Versions/A/Libraries/libCoreFSCache.dylib
0x00007fff214df000 	/System/Library/PrivateFrameworks/LanguageModeling.framework/Versions/A/LanguageModeling
0x00007fff298fd000 	/System/Library/PrivateFrameworks/CoreEmoji.framework/Versions/A/CoreEmoji
0x00007fff2907a000 	/System/Library/PrivateFrameworks/LinguisticData.framework/Versions/A/LinguisticData
0x00007fff20dd7000 	/System/Library/PrivateFrameworks/Lexicon.framework/Versions/A/Lexicon
0x00007fff2a662000 	/usr/lib/libcmph.dylib
0x00007fff27128000 	/System/Library/Frameworks/OpenDirectory.framework/Versions/A/Frameworks/CFOpenDirectory.framework/Versions/A/CFOpenDirectory
0x00007fff27118000 	/System/Library/Frameworks/OpenDirectory.framework/Versions/A/OpenDirectory
0x00007fff2abd8000 	/System/Library/PrivateFrameworks/APFS.framework/Versions/A/APFS
0x00007fff29c23000 	/System/Library/Frameworks/SecurityFoundation.framework/Versions/A/SecurityFoundation
0x00007fff2ace2000 	/usr/lib/libutil.dylib
0x00007fff22ad5000 	/System/Library/PrivateFrameworks/CoreServicesStore.framework/Versions/A/CoreServicesStore
0x00007fff29cb9000 	/System/Library/Frameworks/ServiceManagement.framework/Versions/A/ServiceManagement
0x00007fff2ace6000 	/usr/lib/libxslt.1.dylib
0x00007fff29caf000 	/System/Library/PrivateFrameworks/BackgroundTaskManagement.framework/Versions/A/BackgroundTaskManagement
0x00007fff2bc9a000 	/System/Library/Frameworks/ImageIO.framework/Versions/A/Resources/libRadiance.dylib
0x00007fff2bca4000 	/System/Library/Frameworks/ImageIO.framework/Versions/A/Resources/libJPEG.dylib
0x00007fff2bbf4000 	/System/Library/Frameworks/ImageIO.framework/Versions/A/Resources/libPng.dylib
0x00007fff2bc15000 	/System/Library/Frameworks/ImageIO.framework/Versions/A/Resources/libTIFF.dylib
0x00007fff2bcf9000 	/System/Library/Frameworks/ImageIO.framework/Versions/A/Resources/libGIF.dylib
0x00007fff2b946000 	/System/Library/Frameworks/ImageIO.framework/Versions/A/Resources/libJP2.dylib
0x00007fff2b061000 	/usr/lib/libexpat.1.dylib
0x00007fff2b8fc000 	/System/Library/PrivateFrameworks/AppleJPEG.framework/Versions/A/AppleJPEG
0x00007fff28509000 	/System/Library/PrivateFrameworks/FontServices.framework/libFontParser.dylib
0x00007fff261dc000 	/System/Library/PrivateFrameworks/RunningBoardServices.framework/Versions/A/RunningBoardServices
0x00007fff2ba26000 	/System/Library/PrivateFrameworks/WatchdogClient.framework/Versions/A/WatchdogClient
0x00007fff215c8000 	/System/Library/Frameworks/CoreDisplay.framework/Versions/A/CoreDisplay
0x00007fff2841e000 	/System/Library/Frameworks/CoreMedia.framework/Versions/A/CoreMedia
0x00007fff272a8000 	/System/Library/Frameworks/CoreVideo.framework/Versions/A/CoreVideo
0x00007fff2ba61000 	/System/Library/Frameworks/VideoToolbox.framework/Versions/A/VideoToolbox
0x00007fff2615c000 	/System/Library/PrivateFrameworks/BaseBoard.framework/Versions/A/BaseBoard
0x00007fff2b1a6000 	/System/Library/PrivateFrameworks/PersistentConnection.framework/Versions/A/PersistentConnection
0x00007fff25efd000 	/System/Library/PrivateFrameworks/ProtocolBuffer.framework/Versions/A/ProtocolBuffer
0x00007fff26144000 	/System/Library/PrivateFrameworks/CommonUtilities.framework/Versions/A/CommonUtilities
0x00007fff2b8bf000 	/System/Library/PrivateFrameworks/Bom.framework/Versions/A/Bom
0x00007fff2bc92000 	/System/Library/PrivateFrameworks/GPUWrangler.framework/Versions/A/GPUWrangler
0x00007fff2bc75000 	/System/Library/PrivateFrameworks/IOPresentment.framework/Versions/A/IOPresentment
0x00007fff2bc9e000 	/System/Library/PrivateFrameworks/DSExternalDisplay.framework/Versions/A/DSExternalDisplay
0x00007fff2bcfe000 	/System/Library/PrivateFrameworks/CMCaptureCore.framework/Versions/A/CMCaptureCore
0x00007fff2b642000 	/System/Library/PrivateFrameworks/AppServerSupport.framework/Versions/A/AppServerSupport
0x00007fff2d6d9000 	/System/Library/PrivateFrameworks/perfdata.framework/Versions/A/perfdata
0x00007fff29c12000 	/System/Library/PrivateFrameworks/AssertionServices.framework/Versions/A/AssertionServices
0x00007fff216ff000 	/System/Library/PrivateFrameworks/AudioToolboxCore.framework/Versions/A/AudioToolboxCore
0x00007fff28401000 	/System/Library/PrivateFrameworks/caulk.framework/Versions/A/caulk
0x00007fff3cb85000 	/System/Library/PrivateFrameworks/SystemPolicy.framework/Versions/A/SystemPolicy
0x00007fff2ae70000 	/usr/lib/libIOReport.dylib
0x00007fff2cf15000 	/usr/lib/libSMC.dylib
0x00007fff2bbc0000 	/usr/lib/libAudioToolboxUtility.dylib
0x00007fff3d4e2000 	/usr/lib/libmis.dylib
0x00007fff6ba88000 	/System/Library/Frameworks/OpenGL.framework/Versions/A/Libraries/libGLU.dylib
0x00007fff6ba4b000 	/System/Library/Frameworks/OpenGL.framework/Versions/A/Libraries/libGFXShared.dylib
0x00007fff6bc59000 	/System/Library/Frameworks/OpenGL.framework/Versions/A/Libraries/libGL.dylib
0x00007fff6ba54000 	/System/Library/Frameworks/OpenGL.framework/Versions/A/Libraries/libGLImage.dylib
0x00007fff6ba48000 	/System/Library/Frameworks/OpenGL.framework/Versions/A/Libraries/libCVMSPluginSupport.dylib
0x00007fff6ba33000 	/System/Library/Frameworks/OpenGL.framework/Versions/A/Libraries/libCoreVMClient.dylib
0x00007fff6d0a3000 	/System/Library/Frameworks/OpenCL.framework/Versions/A/OpenCL
0x00007fff2b1cf000 	/System/Library/PrivateFrameworks/GraphVisualizer.framework/Versions/A/GraphVisualizer
0x00007fff2b1de000 	/System/Library/PrivateFrameworks/FaceCore.framework/Versions/A/FaceCore
0x00007fff2b5fa000 	/System/Library/PrivateFrameworks/OTSVG.framework/Versions/A/OTSVG
0x00007fff26e9d000 	/System/Library/Frameworks/ApplicationServices.framework/Versions/A/Frameworks/ATS.framework/Versions/A/Resources/libFontRegistry.dylib
0x00007fff2b649000 	/System/Library/PrivateFrameworks/FontServices.framework/libhvf.dylib
0x00007fff2b00d000 	/System/Library/PrivateFrameworks/AppleVA.framework/Versions/A/AppleVA
0x00007fff2cd5d000 	/System/Library/Frameworks/ApplicationServices.framework/Versions/A/Frameworks/ATS.framework/Versions/A/ATS
0x00007fff2d070000 	/System/Library/Frameworks/ApplicationServices.framework/Versions/A/Frameworks/ColorSyncLegacy.framework/Versions/A/ColorSyncLegacy
0x00007fff256db000 	/System/Library/Frameworks/ApplicationServices.framework/Versions/A/Frameworks/HIServices.framework/Versions/A/HIServices
0x00007fff2d055000 	/System/Library/Frameworks/ApplicationServices.framework/Versions/A/Frameworks/LangAnalysis.framework/Versions/A/LangAnalysis
0x00007fff2bd08000 	/System/Library/Frameworks/ApplicationServices.framework/Versions/A/Frameworks/PrintCore.framework/Versions/A/PrintCore
0x00007fff2d078000 	/System/Library/Frameworks/ApplicationServices.framework/Versions/A/Frameworks/QD.framework/Versions/A/QD
0x00007fff2cd4d000 	/System/Library/Frameworks/ApplicationServices.framework/Versions/A/Frameworks/SpeechSynthesis.framework/Versions/A/SpeechSynthesis
0x00007fff2bcc9000 	/System/Library/Frameworks/ApplicationServices.framework/Versions/A/Frameworks/ATSUI.framework/Versions/A/ATSUI
0x00007fff2cff5000 	/usr/lib/libcups.2.dylib
0x00007fff2d065000 	/System/Library/PrivateFrameworks/NetAuth.framework/Versions/A/NetAuth
0x00007fff2d6f4000 	/System/Library/Frameworks/Kerberos.framework/Versions/A/Kerberos
0x00007fff2d704000 	/System/Library/Frameworks/GSS.framework/Versions/A/GSS
0x00007fff2cdca000 	/usr/lib/libresolv.9.dylib
0x00007fff2b65f000 	/System/Library/PrivateFrameworks/Heimdal.framework/Versions/A/Heimdal
0x00007fff333bb000 	/System/Library/Frameworks/Kerberos.framework/Versions/A/Libraries/libHeimdalProxy.dylib
0x00007fff262a9000 	/System/Library/Frameworks/Network.framework/Versions/A/Network
0x00007fff2b07b000 	/usr/lib/libheimdal-asn1.dylib
0x00007fff2d755000 	/System/Library/PrivateFrameworks/CommonAuth.framework/Versions/A/CommonAuth
0x00007fff272f6000 	/System/Library/PrivateFrameworks/login.framework/Versions/A/Frameworks/loginsupport.framework/Versions/A/loginsupport
0x00007fff2ccd4000 	/System/Library/PrivateFrameworks/AudioSession.framework/Versions/A/AudioSession
0x00007fff2cd3a000 	/usr/lib/libAudioStatistics.dylib
0x00007fff2b107000 	/System/Library/PrivateFrameworks/MediaExperience.framework/Versions/A/MediaExperience
0x00007fff2cb6d000 	/System/Library/PrivateFrameworks/AudioSession.framework/libSessionUtility.dylib
0x00007fff2d6e5000 	/usr/lib/libperfcheck.dylib
0x00007fff2d084000 	/System/Library/PrivateFrameworks/AudioResourceArbitration.framework/Versions/A/AudioResourceArbitration
0x00007fff2b085000 	/System/Library/PrivateFrameworks/IconFoundation.framework/Versions/A/IconFoundation
0x00007fff2fb88000 	/System/Library/PrivateFrameworks/SpeechRecognitionCore.framework/Versions/A/SpeechRecognitionCore
0x000000010b000000 	/Library/Java/JavaVirtualMachines/temurin-11.jdk/Contents/Home/lib/server/libjvm.dylib
0x0000000108f46000 	/Library/Java/JavaVirtualMachines/temurin-11.jdk/Contents/Home/lib/libverify.dylib
0x0000000108f57000 	/Library/Java/JavaVirtualMachines/temurin-11.jdk/Contents/Home/lib/libjava.dylib
0x0000000108f84000 	/Library/Java/JavaVirtualMachines/temurin-11.jdk/Contents/Home/lib/libjimage.dylib
0x0000000108fda000 	/Library/Java/JavaVirtualMachines/temurin-11.jdk/Contents/Home/lib/libzip.dylib
0x000000010cc11000 	/Library/Java/JavaVirtualMachines/temurin-11.jdk/Contents/Home/lib/libnio.dylib
0x000000010cc24000 	/Library/Java/JavaVirtualMachines/temurin-11.jdk/Contents/Home/lib/libnet.dylib
0x000000010cc3d000 	/Library/Java/JavaVirtualMachines/temurin-11.jdk/Contents/Home/lib/libawt.dylib
0x000000010ccdc000 	/Library/Java/JavaVirtualMachines/temurin-11.jdk/Contents/Home/lib/libmlib_image.dylib
0x00007fff6e9e8000 	/System/Library/Frameworks/JavaRuntimeSupport.framework/Versions/A/JavaRuntimeSupport
0x00007fff3c8cf000 	/System/Library/Frameworks/Carbon.framework/Versions/A/Carbon
0x00007fff319f9000 	/System/Library/PrivateFrameworks/CoreSymbolication.framework/Versions/A/CoreSymbolication
0x00007fff36366000 	/System/Library/Frameworks/Carbon.framework/Versions/A/Frameworks/CommonPanels.framework/Versions/A/CommonPanels
0x00007fff32e50000 	/System/Library/Frameworks/Carbon.framework/Versions/A/Frameworks/Help.framework/Versions/A/Help
0x00007fff3636a000 	/System/Library/Frameworks/Carbon.framework/Versions/A/Frameworks/ImageCapture.framework/Versions/A/ImageCapture
0x00007fff3633a000 	/System/Library/Frameworks/Carbon.framework/Versions/A/Frameworks/OpenScripting.framework/Versions/A/OpenScripting
0x00007fff36362000 	/System/Library/Frameworks/Carbon.framework/Versions/A/Frameworks/Ink.framework/Versions/A/Ink
0x00007fff3c8cb000 	/System/Library/Frameworks/Carbon.framework/Versions/A/Frameworks/Print.framework/Versions/A/Print
0x00007fff3635e000 	/System/Library/Frameworks/Carbon.framework/Versions/A/Frameworks/SecurityHI.framework/Versions/A/SecurityHI
0x00007fff319bd000 	/System/Library/PrivateFrameworks/DebugSymbols.framework/Versions/A/DebugSymbols
0x000000010cd49000 	/Library/Java/JavaVirtualMachines/temurin-11.jdk/Contents/Home/lib/libawt_lwawt.dylib
0x000000010ce1c000 	/Library/Java/JavaVirtualMachines/temurin-11.jdk/Contents/Home/lib/libosxapp.dylib
0x00007fff3bee6000 	/System/Library/Frameworks/ExceptionHandling.framework/Versions/A/ExceptionHandling
0x000000010ce42000 	/Library/Java/JavaVirtualMachines/temurin-11.jdk/Contents/Home/lib/libfontmanager.dylib
0x000000012cd52000 	/Library/Java/JavaVirtualMachines/temurin-11.jdk/Contents/Home/lib/libharfbuzz.dylib
0x000000012ce47000 	/Library/Java/JavaVirtualMachines/temurin-11.jdk/Contents/Home/lib/libfreetype.dylib
0x00007fff22a96000 	/System/Library/PrivateFrameworks/CoreServicesInternal.framework/Versions/A/CoreServicesInternal
0x00007fff30f0f000 	/System/Library/Frameworks/FileProvider.framework/Versions/A/FileProvider
0x00007fff260c7000 	/System/Library/Frameworks/Accounts.framework/Versions/A/Accounts
0x00007fff3105f000 	/System/Library/PrivateFrameworks/GenerationalStorage.framework/Versions/A/GenerationalStorage
0x00007fff3092f000 	/System/Library/PrivateFrameworks/SymptomDiagnosticReporter.framework/Versions/A/SymptomDiagnosticReporter
0x00007fff23bc7000 	/System/Library/PrivateFrameworks/DesktopServicesPriv.framework/Versions/A/DesktopServicesPriv
0x00007fff22bcb000 	/usr/lib/libsandbox.1.dylib
0x00007fff27321000 	/System/Library/PrivateFrameworks/UserManagement.framework/Versions/A/UserManagement
0x00007fff29bef000 	/System/Library/PrivateFrameworks/MobileKeyBag.framework/Versions/A/MobileKeyBag
0x00007fff3443e000 	/System/Library/PrivateFrameworks/ChunkingLibrary.framework/Versions/A/ChunkingLibrary
0x00007fff2e118000 	/System/Library/PrivateFrameworks/Sharing.framework/Versions/A/Sharing
0x00007fff329bd000 	/System/Library/PrivateFrameworks/Apple80211.framework/Versions/A/Apple80211
0x00007fff2a29c000 	/System/Library/PrivateFrameworks/AuthKit.framework/Versions/A/AuthKit
0x00007fff299ed000 	/System/Library/PrivateFrameworks/CoreUtils.framework/Versions/A/CoreUtils
0x00007fff2991a000 	/System/Library/Frameworks/CoreWLAN.framework/Versions/A/CoreWLAN
0x00007fff2e264000 	/System/Library/Frameworks/IOBluetooth.framework/Versions/A/IOBluetooth
0x00007fff32a21000 	/System/Library/PrivateFrameworks/CoreWiFi.framework/Versions/A/CoreWiFi
0x00007fff2d7db000 	/System/Library/PrivateFrameworks/CorePhoneNumbers.framework/Versions/A/CorePhoneNumbers
0x00007fff30a36000 	/System/Library/PrivateFrameworks/DiskManagement.framework/Versions/A/DiskManagement
0x00007fff3094c000 	/System/Library/PrivateFrameworks/AppleIDAuthSupport.framework/Versions/A/AppleIDAuthSupport
0x00007fff2d7bb000 	/System/Library/PrivateFrameworks/KeychainCircle.framework/Versions/A/KeychainCircle
0x00007fff30a02000 	/System/Library/PrivateFrameworks/MediaKit.framework/Versions/A/MediaKit
0x00007fff30959000 	/System/Library/Frameworks/DiscRecording.framework/Versions/A/DiscRecording
0x00007fff2af81000 	/usr/lib/libCoreStorage.dylib
0x00007fff32e5c000 	/usr/lib/libcsfde.dylib
0x00007fff2e39f000 	/System/Library/PrivateFrameworks/ProtectedCloudStorage.framework/Versions/A/ProtectedCloudStorage
0x00007fff32e54000 	/System/Library/PrivateFrameworks/EFILogin.framework/Versions/A/EFILogin
0x00007fff3346e000 	/System/Library/Frameworks/AudioUnit.framework/Versions/A/AudioUnit
0x00007fff308c9000 	/System/Library/Frameworks/CoreBluetooth.framework/Versions/A/CoreBluetooth
0x00007fff2af79000 	/usr/lib/libMatch.1.dylib
0x00007fff43756000 	/System/Library/CoreServices/RawCamera.bundle/Contents/MacOS/RawCamera
0x00007fff2d766000 	/System/Library/PrivateFrameworks/MobileAsset.framework/Versions/A/MobileAsset
0x00007fff33492000 	/System/Library/PrivateFrameworks/StreamingZip.framework/Versions/A/StreamingZip
0x00007fff2bf00000 	/System/Library/Frameworks/MediaToolbox.framework/Versions/A/MediaToolbox
0x00007fff30ee1000 	/System/Library/PrivateFrameworks/CoreAVCHD.framework/Versions/A/CoreAVCHD
0x00007fff300c8000 	/System/Library/Frameworks/MediaAccessibility.framework/Versions/A/MediaAccessibility
0x00007fff30edd000 	/System/Library/PrivateFrameworks/Mangrove.framework/Versions/A/Mangrove
0x00007fff300d4000 	/System/Library/PrivateFrameworks/AlgosScoreFramework.framework/Versions/A/AlgosScoreFramework
0x00007fff318cb000 	/System/Library/PrivateFrameworks/AppleVPA.framework/Versions/A/AppleVPA
0x00007fff30b22000 	/System/Library/PrivateFrameworks/CoreAUC.framework/Versions/A/CoreAUC
0x00007fff411a9000 	/System/Library/Frameworks/Accelerate.framework/Versions/A/Frameworks/vImage.framework/Versions/A/Libraries/libCGInterfaces.dylib
0x000000012ec4b000 	/usr/lib/libobjc-trampolines.dylib
0x00007fff27020000 	/System/Library/PrivateFrameworks/ViewBridge.framework/Versions/A/ViewBridge
0x00007fff6bc64000 	/System/Library/Frameworks/OpenGL.framework/Versions/A/Resources/GLEngine.bundle/GLEngine
0x00007fff6bac5000 	/System/Library/Frameworks/OpenGL.framework/Versions/A/Libraries/libGLProgrammability.dylib
0x00007fff63683000 	/System/Library/Extensions/AppleIntelBDWGraphicsGLDriver.bundle/Contents/MacOS/AppleIntelBDWGraphicsGLDriver
0x00007fff4629c000 	/System/Library/PrivateFrameworks/GPUSupport.framework/Versions/A/Libraries/libGPUSupportMercury.dylib
0x00007fff6bde2000 	/System/Library/Frameworks/OpenGL.framework/Versions/A/Resources/GLRendererFloat.bundle/GLRendererFloat
0x00007fff2b720000 	/System/Library/PrivateFrameworks/login.framework/Versions/A/login
0x0000000131999000 	/Library/Java/JavaVirtualMachines/temurin-11.jdk/Contents/Home/lib/libosxui.dylib
0x00007fff778d7000 	/usr/lib/libRosetta.dylib
0x00007fff40cd5000 	/System/Library/PrivateFrameworks/Lookup.framework/Versions/A/Lookup
0x00007fff3d2b6000 	/System/Library/Frameworks/NaturalLanguage.framework/Versions/A/NaturalLanguage
0x00007fff3cd6a000 	/System/Library/PrivateFrameworks/DataDetectors.framework/Versions/A/DataDetectors
0x00007fff27551000 	/System/Library/Frameworks/CoreML.framework/Versions/A/CoreML
0x00007fff2582a000 	/System/Library/PrivateFrameworks/Montreal.framework/Versions/A/Montreal
0x00007fff334d6000 	/System/Library/PrivateFrameworks/DuetActivityScheduler.framework/Versions/A/DuetActivityScheduler
0x00007fff2733d000 	/System/Library/Frameworks/CloudKit.framework/Versions/A/CloudKit
0x00007fff33581000 	/System/Library/PrivateFrameworks/Espresso.framework/Versions/A/Espresso
0x00007fff23d65000 	/System/Library/PrivateFrameworks/CoreDuet.framework/Versions/A/CoreDuet
0x00007fff32403000 	/System/Library/PrivateFrameworks/CoreDuetContext.framework/Versions/A/CoreDuetContext
0x00007fff2ae78000 	/System/Library/PrivateFrameworks/CrashReporterSupport.framework/Versions/A/CrashReporterSupport
0x00007fff30939000 	/System/Library/PrivateFrameworks/PowerLog.framework/Versions/A/PowerLog
0x00007fff313f7000 	/System/Library/Frameworks/CoreTelephony.framework/Versions/A/CoreTelephony
0x00007fff33eaf000 	/System/Library/PrivateFrameworks/CoreDuetDebugLogging.framework/Versions/A/CoreDuetDebugLogging
0x00007fff272f9000 	/System/Library/PrivateFrameworks/ApplePushService.framework/Versions/A/ApplePushService
0x00007fff32450000 	/System/Library/Frameworks/Intents.framework/Versions/A/Intents
0x00007fff33eb2000 	/System/Library/PrivateFrameworks/CoreDuetDaemonProtocol.framework/Versions/A/CoreDuetDaemonProtocol
0x00007fff31ab9000 	/System/Library/PrivateFrameworks/Rapport.framework/Versions/A/Rapport
0x00007fff478d2000 	/System/Library/PrivateFrameworks/OSAnalytics.framework/Versions/A/OSAnalytics
0x00007fff32de3000 	/System/Library/PrivateFrameworks/RemoteServiceDiscovery.framework/Versions/A/RemoteServiceDiscovery
0x00007fff51591000 	/System/Library/PrivateFrameworks/Symbolication.framework/Versions/A/Symbolication
0x00007fff3d4c2000 	/System/Library/PrivateFrameworks/MallocStackLogging.framework/Versions/A/MallocStackLogging
0x00007fff2d7e4000 	/usr/lib/libTelephonyUtilDynamic.dylib
0x00007fff300f9000 	/System/Library/PrivateFrameworks/CoreDaemon.framework/Versions/B/CoreDaemon
0x00007fff300f4000 	/System/Library/PrivateFrameworks/AppleSRP.framework/Versions/A/AppleSRP
0x00007fff3351c000 	/System/Library/PrivateFrameworks/C2.framework/Versions/A/C2
0x00007fff28233000 	/System/Library/Frameworks/CoreLocation.framework/Versions/A/CoreLocation
0x00007fff33516000 	/System/Library/Frameworks/PushKit.framework/Versions/A/PushKit
0x00007fff31aaf000 	/System/Library/PrivateFrameworks/CoreTime.framework/Versions/A/CoreTime
0x00007fff2e658000 	/System/Library/PrivateFrameworks/GeoServices.framework/Versions/A/GeoServices
0x00007fff2cb44000 	/System/Library/PrivateFrameworks/LocationSupport.framework/Versions/A/LocationSupport
0x00007fff2af42000 	/System/Library/PrivateFrameworks/PlugInKit.framework/Versions/A/PlugInKit
0x00007fff33509000 	/System/Library/PrivateFrameworks/IntentsFoundation.framework/Versions/A/IntentsFoundation
0x00007fff3167f000 	/System/Library/PrivateFrameworks/FrontBoardServices.framework/Versions/A/FrontBoardServices
0x00007fff316ef000 	/System/Library/PrivateFrameworks/BoardServices.framework/Versions/A/BoardServices
0x00007fff32b73000 	/System/Library/PrivateFrameworks/BackBoardServices.framework/Versions/A/BackBoardServices
0x00007fff34d02000 	/System/Library/PrivateFrameworks/AppleNeuralEngine.framework/Versions/A/AppleNeuralEngine
0x00007fff33d83000 	/System/Library/PrivateFrameworks/ANEServices.framework/Versions/A/ANEServices
0x00007fff3bf39000 	/System/Library/Frameworks/WebKit.framework/Versions/A/WebKit
0x00007fff383cb000 	/System/Library/Frameworks/Quartz.framework/Versions/A/Frameworks/QuickLookUI.framework/Versions/A/QuickLookUI
0x00007fff30636000 	/System/Library/PrivateFrameworks/AddressBookCore.framework/Versions/A/AddressBookCore
0x00007fff39192000 	/System/Library/PrivateFrameworks/PhoneNumbers.framework/Versions/A/PhoneNumbers
0x00007fff2debb000 	/System/Library/PrivateFrameworks/IDS.framework/Versions/A/IDS
0x00007fff34b41000 	/System/Library/Frameworks/WebKit.framework/Versions/A/Frameworks/WebKitLegacy.framework/Versions/A/WebKitLegacy
0x00007fff391c2000 	/System/Library/Frameworks/WebKit.framework/Versions/A/Frameworks/WebCore.framework/Versions/A/WebCore
0x00007fff391aa000 	/usr/lib/libAccessibility.dylib
0x00007fff332a8000 	/System/Library/PrivateFrameworks/CorePrediction.framework/Versions/A/CorePrediction
0x00007fff278e1000 	/System/Library/Frameworks/WebKit.framework/Versions/A/Frameworks/WebCore.framework/Versions/A/Frameworks/libwebrtc.dylib
0x00007fff3beea000 	/System/Library/PrivateFrameworks/SafariSafeBrowsing.framework/Versions/A/SafariSafeBrowsing
0x00007fff2ce63000 	/System/Library/Frameworks/SecurityInterface.framework/Versions/A/SecurityInterface
0x00007fff39193000 	/System/Library/PrivateFrameworks/URLFormatting.framework/Versions/A/URLFormatting
0x00007fff3da11000 	/System/Library/PrivateFrameworks/WebInspectorUI.framework/Versions/A/WebInspectorUI
0x00007fff36372000 	/System/Library/Frameworks/JavaScriptCore.framework/Versions/A/JavaScriptCore
0x00007fff2dc2f000 	/System/Library/Frameworks/NetworkExtension.framework/Versions/A/NetworkExtension
0x00007fff4092a000 	/System/Library/PrivateFrameworks/CaptiveNetwork.framework/Versions/A/CaptiveNetwork
0x00007fff2fe45000 	/usr/lib/libnetworkextension.dylib
0x00007fff32dac000 	/System/Library/PrivateFrameworks/EAP8021X.framework/Versions/A/EAP8021X
0x00007fff3919b000 	/System/Library/PrivateFrameworks/AXCoreUtilities.framework/Versions/A/AXCoreUtilities
0x00007fff3d17c000 	/System/Library/PrivateFrameworks/CoreOptimization.framework/Versions/A/CoreOptimization
0x00007fff257e5000 	/System/Library/PrivateFrameworks/WirelessDiagnostics.framework/Versions/A/WirelessDiagnostics
0x00007fff35fcc000 	/System/Library/PrivateFrameworks/WirelessDiagnostics.framework/Versions/A/Libraries/libAWDSupportFramework.dylib
0x00007fff25737000 	/System/Library/PrivateFrameworks/WirelessDiagnostics.framework/Versions/A/Libraries/libAWDSupport.dylib
0x00007fff257d3000 	/System/Library/PrivateFrameworks/WirelessDiagnostics.framework/Versions/A/Libraries/libprotobuf-lite.dylib
0x00007fff25776000 	/System/Library/PrivateFrameworks/WirelessDiagnostics.framework/Versions/A/Libraries/libprotobuf.dylib
0x00007fff3d2f8000 	/System/Library/Frameworks/SafariServices.framework/Versions/A/SafariServices
0x00007fff33550000 	/System/Library/Frameworks/QuickLookThumbnailing.framework/Versions/A/QuickLookThumbnailing
0x00007fff3bbfc000 	/System/Library/PrivateFrameworks/QuickLookSupport.framework/Versions/A/QuickLookSupport
0x00007fff3cd66000 	/System/Library/PrivateFrameworks/QuickLookNonBaseSystem.framework/Versions/A/QuickLookNonBaseSystem
0x00007fff2e3f9000 	/System/Library/Frameworks/QuickLook.framework/Versions/A/QuickLook
0x00007fff3c9cb000 	/System/Library/Frameworks/AVFoundation.framework/Versions/A/AVFoundation
0x00007fff6e1ad000 	/System/Library/Frameworks/AVFAudio.framework/Versions/A/AVFAudio
0x00007fff314ea000 	/System/Library/PrivateFrameworks/AVFCore.framework/Versions/A/AVFCore
0x00007fff375ce000 	/System/Library/PrivateFrameworks/AVFCapture.framework/Versions/A/AVFCapture
0x00007fff3bc1f000 	/System/Library/PrivateFrameworks/AirPlaySync.framework/Versions/A/AirPlaySync
0x00007fff2ceb0000 	/System/Library/Frameworks/CoreMediaIO.framework/Versions/A/CoreMediaIO
0x00007fff376e1000 	/System/Library/PrivateFrameworks/Quagga.framework/Versions/A/Quagga
0x00007fff37775000 	/System/Library/PrivateFrameworks/CMCapture.framework/Versions/A/CMCapture
0x00007fff6f816000 	/System/Library/PrivateFrameworks/CMImaging.framework/Versions/A/CMImaging
0x00007fff36305000 	/System/Library/PrivateFrameworks/MarkupUI.framework/Versions/A/MarkupUI
0x00007fff3cd48000 	/System/Library/PrivateFrameworks/SidecarCore.framework/Versions/A/SidecarCore
0x00007fff40d81000 	/System/Library/Frameworks/Quartz.framework/Versions/A/Quartz
0x00007fff3e76c000 	/System/Library/PrivateFrameworks/AnnotationKit.framework/Versions/A/AnnotationKit
0x00007fff3c847000 	/System/Library/PrivateFrameworks/CorePDF.framework/Versions/A/CorePDF
0x00007fff3ed3a000 	/System/Library/Frameworks/PDFKit.framework/Versions/A/PDFKit
0x00007fff3e899000 	/System/Library/Frameworks/Quartz.framework/Versions/A/Frameworks/QuartzComposer.framework/Versions/A/QuartzComposer
0x00007fff3e08b000 	/System/Library/Frameworks/Quartz.framework/Versions/A/Frameworks/QuartzFilters.framework/Versions/A/QuartzFilters
0x00007fff3d681000 	/System/Library/Frameworks/Quartz.framework/Versions/A/Frameworks/ImageKit.framework/Versions/A/ImageKit
0x00007fff35a8b000 	/System/Library/PrivateFrameworks/DisplayServices.framework/Versions/A/DisplayServices
0x00007fff3e028000 	/System/Library/Frameworks/ImageCaptureCore.framework/Versions/A/ImageCaptureCore
0x00007fff2e459000 	/System/Library/Frameworks/MetalKit.framework/Versions/A/MetalKit
0x00007fff2b73b000 	/System/Library/PrivateFrameworks/CoreBrightness.framework/Versions/A/CoreBrightness
0x00007fff383bb000 	/System/Library/PrivateFrameworks/HID.framework/Versions/A/HID
0x00007fff3d8dd000 	/System/Library/Frameworks/PencilKit.framework/Versions/A/PencilKit
0x00007fff3d9f4000 	/System/Library/PrivateFrameworks/SidecarUI.framework/Versions/A/SidecarUI
0x00007fff3d511000 	/System/Library/PrivateFrameworks/CoreHandwriting.framework/Versions/A/CoreHandwriting
0x00007fff2aea3000 	/System/Library/PrivateFrameworks/CVNLP.framework/Versions/A/CVNLP
0x00007fff305f3000 	/System/Library/PrivateFrameworks/ContactsPersistence.framework/Versions/A/ContactsPersistence
0x00007fff34b10000 	/System/Library/PrivateFrameworks/CalendarAgentLink.framework/Versions/A/CalendarAgentLink
0x00007fff3076d000 	/System/Library/Frameworks/Contacts.framework/Versions/A/Contacts
0x00007fff3056f000 	/System/Library/PrivateFrameworks/ContactsFoundation.framework/Versions/A/ContactsFoundation
0x00007fff31719000 	/System/Library/PrivateFrameworks/vCard.framework/Versions/A/vCard
0x00007fff2fba0000 	/System/Library/PrivateFrameworks/AppleLDAP.framework/Versions/A/AppleLDAP
0x00007fff330aa000 	/System/Library/Frameworks/ClassKit.framework/Versions/A/ClassKit
0x00007fff34615000 	/System/Library/PrivateFrameworks/CoreSuggestions.framework/Versions/A/CoreSuggestions
0x00007fff274cf000 	/System/Library/PrivateFrameworks/CloudDocs.framework/Versions/A/CloudDocs
0x00007fff32ed7000 	/System/Library/PrivateFrameworks/AppSupport.framework/Versions/A/AppSupport
0x00007fff33123000 	/System/Library/PrivateFrameworks/AppleAccount.framework/Versions/A/AppleAccount
0x00007fff34152000 	/System/Library/PrivateFrameworks/SpotlightIndex.framework/Versions/A/SpotlightIndex
0x00007fff23d52000 	/System/Library/PrivateFrameworks/SpotlightLinguistics.framework/Versions/A/SpotlightLinguistics
0x00007fff33268000 	/System/Library/PrivateFrameworks/AppleIDSSOAuthentication.framework/Versions/A/AppleIDSSOAuthentication
0x00007fff33d9b000 	/System/Library/PrivateFrameworks/ProactiveSupport.framework/Versions/A/ProactiveSupport
0x00007fff32e0b000 	/System/Library/PrivateFrameworks/DataDetectorsNaturalLanguage.framework/Versions/A/DataDetectorsNaturalLanguage
0x00007fff2a3fb000 	/System/Library/Frameworks/CoreSpotlight.framework/Versions/A/CoreSpotlight
0x00007fff38d4f000 	/System/Library/PrivateFrameworks/ProactiveEventTracker.framework/Versions/A/ProactiveEventTracker
0x00007fff330a7000 	/System/Library/PrivateFrameworks/InternationalTextSearch.framework/Versions/A/InternationalTextSearch
0x00007fff34b36000 	/System/Library/PrivateFrameworks/RTCReporting.framework/Versions/A/RTCReporting
0x00007fff346b3000 	/System/Library/Frameworks/EventKit.framework/Versions/A/EventKit
0x00007fff38d0b000 	/System/Library/PrivateFrameworks/ResponseKit.framework/Versions/A/ResponseKit
0x00007fff345c5000 	/System/Library/PrivateFrameworks/CalDAV.framework/Versions/A/CalDAV
0x00007fff33e3e000 	/System/Library/PrivateFrameworks/CalendarFoundation.framework/Versions/A/CalendarFoundation
0x00007fff3483e000 	/System/Library/PrivateFrameworks/CalendarPersistence.framework/Versions/A/CalendarPersistence
0x00007fff3894c000 	/System/Library/PrivateFrameworks/ExchangeWebServices.framework/Versions/A/ExchangeWebServices
0x00007fff33e0c000 	/System/Library/PrivateFrameworks/iCalendar.framework/Versions/A/iCalendar
0x00007fff388c5000 	/System/Library/PrivateFrameworks/CoreDAV.framework/Versions/A/CoreDAV
0x00007fff308a2000 	/System/Library/PrivateFrameworks/PersonaKit.framework/Versions/A/PersonaKit
0x00007fff38cc5000 	/System/Library/PrivateFrameworks/ContactsAutocomplete.framework/Versions/A/ContactsAutocomplete
0x00007fff33e01000 	/System/Library/PrivateFrameworks/CoreRecents.framework/Versions/A/CoreRecents
0x00007fff314c6000 	/System/Library/PrivateFrameworks/AppSandbox.framework/Versions/A/AppSandbox
0x00007fff38cfe000 	/System/Library/PrivateFrameworks/KerberosHelper.framework/Versions/A/KerberosHelper
0x00007fff2e386000 	/System/Library/PrivateFrameworks/AppContainer.framework/Versions/A/AppContainer
0x00007fff2e39b000 	/System/Library/PrivateFrameworks/SecCodeWrapper.framework/Versions/A/SecCodeWrapper
0x00007fff37d5b000 	/System/Library/PrivateFrameworks/AccountsDaemon.framework/Versions/A/AccountsDaemon
0x00007fff37e09000 	/System/Library/PrivateFrameworks/OAuth.framework/Versions/A/OAuth
0x00007fff2cadd000 	/System/Library/PrivateFrameworks/IMFoundation.framework/Versions/A/IMFoundation
0x00007fff38adf000 	/System/Library/PrivateFrameworks/Marco.framework/Versions/A/Marco
0x00007fff2dfbd000 	/System/Library/PrivateFrameworks/IDSFoundation.framework/Versions/A/IDSFoundation
0x00007fff36326000 	/System/Library/PrivateFrameworks/Engram.framework/Versions/A/Engram
0x00007fff362d4000 	/usr/lib/libtidy.A.dylib
0x00007fff259eb000 	/System/Library/PrivateFrameworks/NLP.framework/Versions/A/NLP


VM Arguments:
java_command: Proj
java_class_path (initial): .
Launcher Type: SUN_STANDARD

[Global flags]
     intx CICompilerCount                          = 3                                         {product} {ergonomic}
     uint ConcGCThreads                            = 1                                         {product} {ergonomic}
     uint G1ConcRefinementThreads                  = 4                                         {product} {ergonomic}
   size_t G1HeapRegionSize                         = 1048576                                   {product} {ergonomic}
    uintx GCDrainStackTargetSize                   = 64                                        {product} {ergonomic}
   size_t InitialHeapSize                          = 134217728                                 {product} {ergonomic}
   size_t MarkStackSize                            = 4194304                                   {product} {ergonomic}
   size_t MaxHeapSize                              = 2147483648                                {product} {ergonomic}
   size_t MaxNewSize                               = 1287651328                                {product} {ergonomic}
   size_t MinHeapDeltaBytes                        = 1048576                                   {product} {ergonomic}
    uintx NonNMethodCodeHeapSize                   = 5830732                                {pd product} {ergonomic}
    uintx NonProfiledCodeHeapSize                  = 122913754                              {pd product} {ergonomic}
    uintx ProfiledCodeHeapSize                     = 122913754                              {pd product} {ergonomic}
    uintx ReservedCodeCacheSize                    = 251658240                              {pd product} {ergonomic}
     bool SegmentedCodeCache                       = true                                      {product} {ergonomic}
     bool UseCompressedClassPointers               = true                                 {lp64_product} {ergonomic}
     bool UseCompressedOops                        = true                                 {lp64_product} {ergonomic}
     bool UseG1GC                                  = true                                      {product} {ergonomic}

Logging:
Log output configuration:
 #0: stdout all=warning uptime,level,tags
 #1: stderr all=off uptime,level,tags

Environment Variables:
PATH=/usr/local/bin:/usr/bin:/bin:/usr/sbin:/sbin:/usr/local/go/bin:/Library/Apple/usr/bin:/Users/ramitbatra/Downloads/flutter/bin:/Users/ramitbatra/Downloads/flutter/bin
SHELL=/bin/bash
LANG=en_GB.UTF-8

Signal Handlers:
SIGSEGV: [libjvm.dylib+0x7c73e4], sa_mask[0]=11111111011111110111111111111111, sa_flags=SA_ONSTACK|SA_RESTART|SA_SIGINFO
SIGBUS: [libjvm.dylib+0x7c73e4], sa_mask[0]=11111111011111110111111111111111, sa_flags=SA_RESTART|SA_SIGINFO
SIGFPE: [libjvm.dylib+0x7c73e4], sa_mask[0]=11111111011111110111111111111111, sa_flags=SA_RESTART|SA_SIGINFO
SIGPIPE: [libjvm.dylib+0x62c4e1], sa_mask[0]=11111111011111110111111111111111, sa_flags=SA_RESTART|SA_SIGINFO
SIGXFSZ: [libjvm.dylib+0x62c4e1], sa_mask[0]=11111111011111110111111111111111, sa_flags=SA_RESTART|SA_SIGINFO
SIGILL: [libjvm.dylib+0x7c73e4], sa_mask[0]=11111111011111110111111111111111, sa_flags=SA_RESTART|SA_SIGINFO
SIGUSR2: [libjvm.dylib+0x62cac9], sa_mask[0]=00000000000000000000000000000000, sa_flags=SA_RESTART|SA_SIGINFO
SIGHUP: [libjvm.dylib+0x62b667], sa_mask[0]=11111111011111110111111111111111, sa_flags=SA_RESTART|SA_SIGINFO
SIGINT: [libjvm.dylib+0x62b667], sa_mask[0]=11111111011111110111111111111111, sa_flags=SA_RESTART|SA_SIGINFO
SIGTERM: [libjvm.dylib+0x62b667], sa_mask[0]=11111111011111110111111111111111, sa_flags=SA_RESTART|SA_SIGINFO
SIGQUIT: [libjvm.dylib+0x62b667], sa_mask[0]=11111111011111110111111111111111, sa_flags=SA_RESTART|SA_SIGINFO


---------------  S Y S T E M  ---------------

OS:uname:Darwin 20.6.0 Darwin Kernel Version 20.6.0: Mon Aug 30 06:12:21 PDT 2021; root:xnu-7195.141.6~3/RELEASE_X86_64 x86_64
OS uptime: 70 days 2:32 hours
rlimit (soft/hard): STACK 8192k/65532k , CORE 0k/infinity , NPROC 1392/2088 , NOFILE 10240/infinity , AS infinity/infinity , CPU infinity/infinity , DATA infinity/infinity , FSIZE infinity/infinity , MEMLOCK infinity/infinity , RSS infinity/infinity
load average:5.65 5.66 5.74

CPU:total 4 (initial active 4) (2 cores per cpu, 2 threads per core) family 6 model 61 stepping 4 microcode 0x2f, cmov, cx8, fxsr, mmx, sse, sse2, sse3, ssse3, sse4.1, sse4.2, popcnt, avx, avx2, aes, clmul, erms, 3dnowpref, lzcnt, ht, tsc, tscinvbit, bmi1, bmi2, adx, fma

Memory: 4k page, physical 8388608k(158012k free), swap 2097152k(955904k free)

vm_info: OpenJDK 64-Bit Server VM (11.0.12+7) for bsd-amd64 JRE (11.0.12+7), built on Jul 21 2021 09:19:19 by "jenkins" with clang 4.2.1 Compatible Apple LLVM 10.0.1 (clang-1001.0.46.4)

END.
